82284609 [http-nio-8080-exec-4] INFO  c.hcl.controller.CategoryController - The category is in-stock
80214 [http-nio-8080-exec-4] INFO  com.hcl.controller.UserController - A user has been created successfully
86574 [http-nio-8080-exec-6] INFO  com.hcl.controller.UserController - JWT token has been generated.
86840 [http-nio-8080-exec-8] INFO  com.hcl.controller.CartController - New cart has been created for the user
97961 [http-nio-8080-exec-9] INFO  c.hcl.controller.ProductController - All products in-stock have been listed.
97961 [http-nio-8080-exec-10] INFO  c.hcl.controller.CategoryController - The category is in-stock
99864 [http-nio-8080-exec-2] INFO  c.hcl.controller.ProductController - A product has been retrieved with id: 5
101769 [http-nio-8080-exec-4] INFO  com.hcl.controller.CartController - Cart items have been retrieved
105154 [http-nio-8080-exec-7] INFO  c.hcl.controller.CategoryController - The category is in-stock
105155 [http-nio-8080-exec-6] INFO  c.hcl.controller.ProductController - All products in-stock have been listed.
105997 [http-nio-8080-exec-8] INFO  c.hcl.controller.ProductController - A product has been retrieved with id: 5
106832 [http-nio-8080-exec-10] INFO  com.hcl.controller.CartController - Cart items have been retrieved
107807 [http-nio-8080-exec-9] INFO  c.hcl.controller.ProductController - All products in-stock have been listed.
107806 [http-nio-8080-exec-1] INFO  c.hcl.controller.CategoryController - The category is in-stock
108910 [http-nio-8080-exec-3] INFO  c.hcl.controller.ProductController - A product has been retrieved with id: 6
115220 [http-nio-8080-exec-4] INFO  com.hcl.controller.CartController - An item with id: 6 has been added to cart
115338 [http-nio-8080-exec-7] INFO  com.hcl.controller.CartController - Cart items have been retrieved
119307 [http-nio-8080-exec-10] WARN  com.hcl.controller.CartController - An item with id: 6 has been deleted from cart
126515 [http-nio-8080-exec-1] INFO  com.hcl.controller.CartController - Cart items have been retrieved
128366 [http-nio-8080-exec-2] INFO  c.hcl.controller.ProductController - All products in-stock have been listed.
128366 [http-nio-8080-exec-3] INFO  c.hcl.controller.CategoryController - The category is in-stock
129263 [http-nio-8080-exec-4] INFO  c.hcl.controller.ProductController - A product has been retrieved with id: 4
130668 [http-nio-8080-exec-7] INFO  com.hcl.controller.CartController - Cart items have been retrieved
131762 [http-nio-8080-exec-9] INFO  c.hcl.controller.CategoryController - The category is in-stock
131762 [http-nio-8080-exec-10] INFO  c.hcl.controller.ProductController - All products in-stock have been listed.
132572 [http-nio-8080-exec-1] INFO  c.hcl.controller.ProductController - A product has been retrieved with id: 5
133668 [http-nio-8080-exec-3] INFO  com.hcl.controller.CartController - An item with id: 5 has been added to cart
133746 [http-nio-8080-exec-2] INFO  com.hcl.controller.CartController - Cart items have been retrieved
134821 [http-nio-8080-exec-6] INFO  c.hcl.controller.CategoryController - The category is in-stock
134821 [http-nio-8080-exec-4] INFO  c.hcl.controller.ProductController - All products in-stock have been listed.
135541 [http-nio-8080-exec-8] INFO  c.hcl.controller.ProductController - A product has been retrieved with id: 6
136593 [http-nio-8080-exec-7] INFO  com.hcl.controller.CartController - An item with id: 6 has been added to cart
136738 [http-nio-8080-exec-9] INFO  com.hcl.controller.CartController - Cart items have been retrieved
144441 [http-nio-8080-exec-3] WARN  com.hcl.controller.CartController - A cart has been deleted
144485 [http-nio-8080-exec-5] INFO  com.hcl.controller.CartController - New cart has been created for the user
148236 [http-nio-8080-exec-6] INFO  com.hcl.controller.CartController - Cart items have been retrieved
153684 [http-nio-8080-exec-8] INFO  c.hcl.controller.CategoryController - The category is in-stock
153684 [http-nio-8080-exec-4] INFO  c.hcl.controller.ProductController - All products in-stock have been listed.
155603 [http-nio-8080-exec-10] INFO  c.hcl.controller.CategoryController - The category is in-stock
155604 [http-nio-8080-exec-7] INFO  c.hcl.controller.ProductController - All products in-stock have been listed.
156741 [http-nio-8080-exec-1] INFO  c.hcl.controller.CategoryController - The category is in-stock
156743 [http-nio-8080-exec-9] INFO  c.hcl.controller.ProductController - All products in-stock have been listed.
169027 [http-nio-8080-exec-5] INFO  c.hcl.controller.CategoryController - The category is in-stock
169027 [http-nio-8080-exec-3] INFO  c.hcl.controller.ProductController - All products in-stock have been listed.
284366 [http-nio-8080-exec-8] INFO  com.hcl.controller.CartController - Cart items have been retrieved
