86924131 [http-nio-8080-exec-1] ERROR com.hcl.controller.UserController - There was an error in creating a user.
86926568 [http-nio-8080-exec-2] INFO  com.hcl.controller.UserController - A user has been created successfully
86931848 [http-nio-8080-exec-4] ERROR com.hcl.controller.UserController - The credentials you entered are not valid.
86942539 [http-nio-8080-exec-5] INFO  com.hcl.controller.UserController - A user has been created successfully
86947737 [http-nio-8080-exec-6] ERROR com.hcl.controller.UserController - The credentials you entered are not valid.
86950097 [http-nio-8080-exec-7] INFO  com.hcl.controller.UserController - JWT token has been generated.
86950174 [http-nio-8080-exec-9] INFO  com.hcl.controller.CartController - New cart has been created for the user
86952846 [http-nio-8080-exec-2] INFO  c.hcl.controller.ProductController - All products in-stock have been listed.
86952846 [http-nio-8080-exec-1] INFO  c.hcl.controller.CategoryController - The category is in-stock
86993232 [http-nio-8080-exec-4] INFO  c.hcl.controller.CategoryController - The category is in-stock
86993234 [http-nio-8080-exec-3] INFO  c.hcl.controller.ProductController - All products in-stock have been listed.
86995290 [http-nio-8080-exec-6] INFO  c.hcl.controller.ProductController - A product has been retrieved with id: 5
86997489 [http-nio-8080-exec-8] INFO  com.hcl.controller.CartController - An item with id: 5 has been added to cart
86997708 [http-nio-8080-exec-10] INFO  com.hcl.controller.CartController - Cart items have been retrieved
87003612 [http-nio-8080-exec-1] INFO  com.hcl.controller.CartController - Cart items have been retrieved
87061438 [http-nio-8080-exec-5] INFO  com.hcl.controller.CartController - Cart items have been retrieved
87066276 [http-nio-8080-exec-9] INFO  c.hcl.controller.CategoryController - The category is in-stock
87066276 [http-nio-8080-exec-7] INFO  c.hcl.controller.ProductController - All products in-stock have been listed.
87067321 [http-nio-8080-exec-2] INFO  c.hcl.controller.ProductController - A product has been retrieved with id: 6
87068353 [http-nio-8080-exec-1] INFO  com.hcl.controller.CartController - An item with id: 6 has been added to cart
87068558 [http-nio-8080-exec-4] INFO  com.hcl.controller.CartController - Cart items have been retrieved
87464453 [http-nio-8080-exec-4] INFO  c.hcl.controller.CategoryController - The category is in-stock
87464455 [http-nio-8080-exec-3] INFO  c.hcl.controller.ProductController - All products in-stock have been listed.
87465402 [http-nio-8080-exec-6] INFO  c.hcl.controller.ProductController - A product has been retrieved with id: 6
87466514 [http-nio-8080-exec-5] INFO  com.hcl.controller.CartController - An item with id: 6 has been added to cart
87466697 [http-nio-8080-exec-9] INFO  com.hcl.controller.CartController - Cart items have been retrieved
87773448 [http-nio-8080-exec-4] INFO  c.hcl.controller.CategoryController - The category is in-stock
87773451 [http-nio-8080-exec-1] INFO  c.hcl.controller.ProductController - All products in-stock have been listed.
87774938 [http-nio-8080-exec-3] INFO  c.hcl.controller.ProductController - A product has been retrieved with id: 6
87776593 [http-nio-8080-exec-6] INFO  c.hcl.controller.ProductController - All products in-stock have been listed.
87776594 [http-nio-8080-exec-5] INFO  c.hcl.controller.CategoryController - The category is in-stock
87777392 [http-nio-8080-exec-9] INFO  c.hcl.controller.ProductController - A product has been retrieved with id: 4
87778358 [http-nio-8080-exec-2] INFO  com.hcl.controller.CartController - An item with id: 4 has been added to cart
87778554 [http-nio-8080-exec-10] INFO  com.hcl.controller.CartController - Cart items have been retrieved
87866345 [http-nio-8080-exec-7] INFO  com.hcl.controller.UserController - A user has been created successfully
87871731 [http-nio-8080-exec-9] INFO  com.hcl.controller.UserController - JWT token has been generated.
87871784 [http-nio-8080-exec-8] INFO  com.hcl.controller.CartController - New cart has been created for the user
87873735 [http-nio-8080-exec-2] INFO  com.hcl.controller.CartController - Cart items have been retrieved
87891975 [http-nio-8080-exec-1] INFO  c.hcl.controller.CategoryController - The category is in-stock
87891975 [http-nio-8080-exec-10] INFO  c.hcl.controller.ProductController - All products in-stock have been listed.
88118902 [http-nio-8080-exec-7] INFO  c.hcl.controller.ProductController - All products in-stock have been listed.
88118902 [http-nio-8080-exec-9] INFO  c.hcl.controller.CategoryController - The category is in-stock
88215759 [http-nio-8080-exec-6] INFO  c.hcl.controller.CategoryController - The category is in-stock
88215759 [http-nio-8080-exec-3] INFO  c.hcl.controller.ProductController - All products in-stock have been listed.
88216490 [http-nio-8080-exec-5] INFO  c.hcl.controller.ProductController - A product has been retrieved with id: 5
88217555 [http-nio-8080-exec-8] INFO  com.hcl.controller.CartController - An item with id: 5 has been added to cart
88217741 [http-nio-8080-exec-9] INFO  com.hcl.controller.CartController - Cart items have been retrieved
88326029 [http-nio-8080-exec-6] INFO  c.hcl.controller.ProductController - All products in-stock have been listed.
88326038 [http-nio-8080-exec-3] INFO  c.hcl.controller.CategoryController - The category is in-stock
88326803 [http-nio-8080-exec-5] INFO  c.hcl.controller.ProductController - A product has been retrieved with id: 5
88327794 [http-nio-8080-exec-8] INFO  com.hcl.controller.CartController - An item with id: 5 has been added to cart
88328010 [http-nio-8080-exec-7] INFO  com.hcl.controller.CartController - Cart items have been retrieved
88328669 [http-nio-8080-exec-2] INFO  c.hcl.controller.ProductController - A product has been retrieved with id: 6
88336194 [http-nio-8080-exec-10] INFO  c.hcl.controller.CategoryController - The category is in-stock
88336200 [http-nio-8080-exec-4] INFO  c.hcl.controller.ProductController - All products in-stock have been listed.
88336972 [http-nio-8080-exec-3] INFO  c.hcl.controller.ProductController - A product has been retrieved with id: 5
88337954 [http-nio-8080-exec-6] INFO  com.hcl.controller.CartController - An item with id: 5 has been added to cart
88338059 [http-nio-8080-exec-5] INFO  com.hcl.controller.CartController - Cart items have been retrieved
88359798 [http-nio-8080-exec-1] INFO  com.hcl.controller.UserController - JWT token has been generated.
88359842 [http-nio-8080-exec-10] INFO  com.hcl.controller.CartController - New cart has been created for the user
88363497 [http-nio-8080-exec-3] INFO  c.hcl.controller.CategoryController - The category is in-stock
88363498 [http-nio-8080-exec-4] INFO  c.hcl.controller.ProductController - All products in-stock have been listed.
88364665 [http-nio-8080-exec-6] INFO  com.hcl.controller.CartController - Cart items have been retrieved
88366545 [http-nio-8080-exec-5] INFO  c.hcl.controller.CategoryController - The category is in-stock
88366546 [http-nio-8080-exec-8] INFO  c.hcl.controller.ProductController - All products in-stock have been listed.
126196995 [http-nio-8080-exec-10] INFO  com.hcl.controller.UserController - JWT token has been generated.
126197084 [http-nio-8080-exec-6] INFO  com.hcl.controller.CartController - New cart has been created for the user
126200020 [http-nio-8080-exec-5] INFO  com.hcl.controller.CartController - Cart items have been retrieved
126202951 [http-nio-8080-exec-8] WARN  com.hcl.controller.CartController - An item with id: 4 has been deleted from cart
126211918 [http-nio-8080-exec-7] INFO  com.hcl.controller.CartController - Cart items have been retrieved
126973966 [http-nio-8080-exec-7] INFO  c.hcl.controller.CategoryController - The category is in-stock
126995199 [http-nio-8080-exec-3] INFO  com.hcl.controller.UserController - A user has been created successfully
126998877 [http-nio-8080-exec-8] INFO  com.hcl.controller.UserController - JWT token has been generated.
126998991 [http-nio-8080-exec-4] INFO  com.hcl.controller.CartController - New cart has been created for the user
127000447 [http-nio-8080-exec-5] INFO  c.hcl.controller.CategoryController - The category is in-stock
127000463 [http-nio-8080-exec-9] INFO  c.hcl.controller.ProductController - All products in-stock have been listed.
127001490 [http-nio-8080-exec-1] INFO  c.hcl.controller.ProductController - A product has been retrieved with id: 5
127002999 [http-nio-8080-exec-2] INFO  com.hcl.controller.CartController - Cart items have been retrieved
127009004 [http-nio-8080-exec-3] INFO  com.hcl.controller.CartController - Cart items have been retrieved
127011305 [http-nio-8080-exec-4] INFO  com.hcl.controller.CartController - Cart items have been retrieved
127012492 [http-nio-8080-exec-10] INFO  c.hcl.controller.CategoryController - The category is in-stock
127012492 [http-nio-8080-exec-9] INFO  c.hcl.controller.ProductController - All products in-stock have been listed.
127013456 [http-nio-8080-exec-1] INFO  com.hcl.controller.CartController - Cart items have been retrieved
127041091 [http-nio-8080-exec-7] INFO  c.hcl.controller.CategoryController - The category is in-stock
127041091 [http-nio-8080-exec-6] INFO  c.hcl.controller.ProductController - All products in-stock have been listed.
127041946 [http-nio-8080-exec-8] INFO  c.hcl.controller.ProductController - A product has been retrieved with id: 4
127043056 [http-nio-8080-exec-5] INFO  com.hcl.controller.CartController - An item with id: 4 has been added to cart
127043229 [http-nio-8080-exec-4] INFO  com.hcl.controller.CartController - Cart items have been retrieved
127211275 [http-nio-8080-exec-6] WARN  com.hcl.controller.CartController - An item with id: 4 has been deleted from cart
127216742 [http-nio-8080-exec-2] INFO  com.hcl.controller.CartController - Cart items have been retrieved
127588343 [http-nio-8080-exec-4] INFO  com.hcl.controller.UserController - A user has been created successfully
127598683 [http-nio-8080-exec-7] INFO  com.hcl.controller.UserController - JWT token has been generated.
127598876 [http-nio-8080-exec-3] INFO  com.hcl.controller.CartController - New cart has been created for the user
127600987 [http-nio-8080-exec-5] INFO  c.hcl.controller.CategoryController - The category is in-stock
127600988 [http-nio-8080-exec-8] INFO  c.hcl.controller.ProductController - All products in-stock have been listed.
127611740 [http-nio-8080-exec-2] INFO  c.hcl.controller.ProductController - A product has been retrieved with id: 6
127616615 [http-nio-8080-exec-6] INFO  com.hcl.controller.CartController - Cart items have been retrieved
127622840 [http-nio-8080-exec-7] INFO  c.hcl.controller.CategoryController - The category is in-stock
127622851 [http-nio-8080-exec-4] INFO  c.hcl.controller.ProductController - All products in-stock have been listed.
127623659 [http-nio-8080-exec-3] INFO  c.hcl.controller.ProductController - A product has been retrieved with id: 6
127624958 [http-nio-8080-exec-5] INFO  com.hcl.controller.CartController - An item with id: 6 has been added to cart
127625143 [http-nio-8080-exec-8] INFO  com.hcl.controller.CartController - Cart items have been retrieved
127630013 [http-nio-8080-exec-10] WARN  com.hcl.controller.CartController - An item with id: 6 has been deleted from cart
127632084 [http-nio-8080-exec-1] INFO  com.hcl.controller.CartController - Cart items have been retrieved
127761542 [http-nio-8080-exec-7] INFO  c.hcl.controller.CategoryController - The category is in-stock
127772885 [http-nio-8080-exec-2] INFO  com.hcl.controller.UserController - A user has been created successfully
127782206 [http-nio-8080-exec-6] INFO  com.hcl.controller.UserController - JWT token has been generated.
127782378 [http-nio-8080-exec-4] INFO  com.hcl.controller.CartController - New cart has been created for the user
127783830 [http-nio-8080-exec-9] INFO  c.hcl.controller.CategoryController - The category is in-stock
127783837 [http-nio-8080-exec-8] INFO  c.hcl.controller.ProductController - All products in-stock have been listed.
127792852 [http-nio-8080-exec-1] INFO  c.hcl.controller.CategoryController - The category is in-stock
127792860 [http-nio-8080-exec-10] INFO  c.hcl.controller.ProductController - All products in-stock have been listed.
127793853 [http-nio-8080-exec-7] INFO  c.hcl.controller.ProductController - A product has been retrieved with id: 4
127795891 [http-nio-8080-exec-2] INFO  com.hcl.controller.CartController - An item with id: 4 has been added to cart
127796049 [http-nio-8080-exec-6] INFO  com.hcl.controller.CartController - Cart items have been retrieved
127798407 [http-nio-8080-exec-9] WARN  com.hcl.controller.CartController - An item with id: 4 has been deleted from cart
127800630 [http-nio-8080-exec-8] INFO  com.hcl.controller.CartController - Cart items have been retrieved
127868226 [http-nio-8080-exec-7] WARN  com.hcl.controller.CartController - An item with id: 4 has been deleted from cart
127946844 [http-nio-8080-exec-2] INFO  c.hcl.controller.CategoryController - The category is in-stock
127971545 [http-nio-8080-exec-3] INFO  com.hcl.controller.UserController - A user has been created successfully
127977802 [http-nio-8080-exec-6] INFO  com.hcl.controller.UserController - JWT token has been generated.
127977939 [http-nio-8080-exec-7] INFO  com.hcl.controller.CartController - New cart has been created for the user
127979035 [http-nio-8080-exec-8] INFO  c.hcl.controller.CategoryController - The category is in-stock
127979048 [http-nio-8080-exec-9] INFO  c.hcl.controller.ProductController - All products in-stock have been listed.
127979820 [http-nio-8080-exec-4] INFO  c.hcl.controller.ProductController - A product has been retrieved with id: 5
127980861 [http-nio-8080-exec-10] INFO  com.hcl.controller.CartController - An item with id: 5 has been added to cart
127980979 [http-nio-8080-exec-2] INFO  com.hcl.controller.CartController - Cart items have been retrieved
127984039 [http-nio-8080-exec-6] WARN  com.hcl.controller.CartController - An item with id: 5 has been deleted from cart
128103061 [http-nio-8080-exec-2] INFO  c.hcl.controller.CategoryController - The category is in-stock
128112104 [http-nio-8080-exec-9] INFO  com.hcl.controller.UserController - A user has been created successfully
128118794 [http-nio-8080-exec-7] INFO  com.hcl.controller.UserController - JWT token has been generated.
128118948 [http-nio-8080-exec-10] INFO  com.hcl.controller.CartController - New cart has been created for the user
128120368 [http-nio-8080-exec-3] INFO  c.hcl.controller.CategoryController - The category is in-stock
128120379 [http-nio-8080-exec-5] INFO  c.hcl.controller.ProductController - All products in-stock have been listed.
128132789 [http-nio-8080-exec-2] INFO  c.hcl.controller.CategoryController - The category is in-stock
128132791 [http-nio-8080-exec-4] INFO  c.hcl.controller.ProductController - All products in-stock have been listed.
128134043 [http-nio-8080-exec-8] INFO  c.hcl.controller.ProductController - A product has been retrieved with id: 5
128135188 [http-nio-8080-exec-7] INFO  com.hcl.controller.CartController - An item with id: 5 has been added to cart
128135312 [http-nio-8080-exec-3] INFO  com.hcl.controller.CartController - Cart items have been retrieved
128136884 [http-nio-8080-exec-5] WARN  com.hcl.controller.CartController - An item with id: 5 has been deleted from cart
128209618 [http-nio-8080-exec-2] INFO  com.hcl.controller.UserController - A user has been created successfully
128215909 [http-nio-8080-exec-5] INFO  com.hcl.controller.UserController - JWT token has been generated.
128216036 [http-nio-8080-exec-4] INFO  com.hcl.controller.CartController - New cart has been created for the user
128217657 [http-nio-8080-exec-6] INFO  c.hcl.controller.CategoryController - The category is in-stock
128217658 [http-nio-8080-exec-3] INFO  c.hcl.controller.ProductController - All products in-stock have been listed.
128218490 [http-nio-8080-exec-7] INFO  c.hcl.controller.ProductController - A product has been retrieved with id: 5
128220676 [http-nio-8080-exec-8] INFO  com.hcl.controller.CartController - An item with id: 5 has been added to cart
128220840 [http-nio-8080-exec-9] INFO  com.hcl.controller.CartController - Cart items have been retrieved
128222627 [http-nio-8080-exec-1] WARN  com.hcl.controller.CartController - An item with id: 5 has been deleted from cart
128225205 [http-nio-8080-exec-2] INFO  com.hcl.controller.CartController - Cart items have been retrieved
128344637 [http-nio-8080-exec-6] INFO  c.hcl.controller.CategoryController - The category is in-stock
128353810 [http-nio-8080-exec-4] INFO  com.hcl.controller.UserController - A user has been created successfully
128359431 [http-nio-8080-exec-1] INFO  com.hcl.controller.UserController - JWT token has been generated.
128359537 [http-nio-8080-exec-10] INFO  com.hcl.controller.CartController - New cart has been created for the user
128360568 [http-nio-8080-exec-8] INFO  c.hcl.controller.CategoryController - The category is in-stock
128360577 [http-nio-8080-exec-3] INFO  c.hcl.controller.ProductController - All products in-stock have been listed.
128361414 [http-nio-8080-exec-7] INFO  c.hcl.controller.ProductController - A product has been retrieved with id: 5
128362443 [http-nio-8080-exec-5] INFO  com.hcl.controller.CartController - An item with id: 5 has been added to cart
128362612 [http-nio-8080-exec-2] INFO  com.hcl.controller.CartController - Cart items have been retrieved
128363788 [http-nio-8080-exec-6] WARN  com.hcl.controller.CartController - An item with id: 5 has been deleted from cart
128366047 [http-nio-8080-exec-4] INFO  com.hcl.controller.CartController - Cart items have been retrieved
128412089 [http-nio-8080-exec-8] INFO  c.hcl.controller.CategoryController - The category is in-stock
128423164 [http-nio-8080-exec-9] INFO  com.hcl.controller.UserController - A user has been created successfully
128428866 [http-nio-8080-exec-6] INFO  com.hcl.controller.UserController - JWT token has been generated.
128428956 [http-nio-8080-exec-7] INFO  com.hcl.controller.CartController - New cart has been created for the user
128429903 [http-nio-8080-exec-2] INFO  c.hcl.controller.CategoryController - The category is in-stock
128429915 [http-nio-8080-exec-5] INFO  c.hcl.controller.ProductController - All products in-stock have been listed.
128430660 [http-nio-8080-exec-3] INFO  c.hcl.controller.ProductController - A product has been retrieved with id: 4
128431869 [http-nio-8080-exec-10] INFO  com.hcl.controller.CartController - An item with id: 4 has been added to cart
128432047 [http-nio-8080-exec-4] INFO  com.hcl.controller.CartController - Cart items have been retrieved
128435499 [http-nio-8080-exec-8] WARN  com.hcl.controller.CartController - An item with id: 4 has been deleted from cart
128448067 [http-nio-8080-exec-6] INFO  c.hcl.controller.CategoryController - The category is in-stock
128448068 [http-nio-8080-exec-9] INFO  c.hcl.controller.ProductController - All products in-stock have been listed.
128448736 [http-nio-8080-exec-7] INFO  c.hcl.controller.ProductController - A product has been retrieved with id: 5
128449770 [http-nio-8080-exec-2] INFO  com.hcl.controller.CartController - An item with id: 5 has been added to cart
128449901 [http-nio-8080-exec-5] INFO  com.hcl.controller.CartController - Cart items have been retrieved
128452060 [http-nio-8080-exec-10] WARN  com.hcl.controller.CartController - An item with id: 5 has been deleted from cart
128508728 [http-nio-8080-exec-1] INFO  c.hcl.controller.CategoryController - The category is in-stock
128521786 [http-nio-8080-exec-6] INFO  com.hcl.controller.UserController - A user has been created successfully
128527067 [http-nio-8080-exec-4] INFO  com.hcl.controller.UserController - JWT token has been generated.
128527163 [http-nio-8080-exec-7] INFO  com.hcl.controller.CartController - New cart has been created for the user
128528142 [http-nio-8080-exec-3] INFO  c.hcl.controller.CategoryController - The category is in-stock
128528156 [http-nio-8080-exec-8] INFO  c.hcl.controller.ProductController - All products in-stock have been listed.
128528921 [http-nio-8080-exec-9] INFO  c.hcl.controller.ProductController - A product has been retrieved with id: 5
128529916 [http-nio-8080-exec-5] INFO  com.hcl.controller.CartController - An item with id: 5 has been added to cart
128530059 [http-nio-8080-exec-10] INFO  com.hcl.controller.CartController - Cart items have been retrieved
128531343 [http-nio-8080-exec-1] WARN  com.hcl.controller.CartController - An item with id: 5 has been deleted from cart
128544594 [http-nio-8080-exec-6] INFO  com.hcl.controller.CartController - Cart items have been retrieved
128559940 [http-nio-8080-exec-8] INFO  com.hcl.controller.CartController - New cart has been created for the user
128769733 [http-nio-8080-exec-7] INFO  c.hcl.controller.CategoryController - The category is in-stock
128781039 [http-nio-8080-exec-8] INFO  com.hcl.controller.UserController - A user has been created successfully
128786189 [http-nio-8080-exec-3] INFO  com.hcl.controller.UserController - JWT token has been generated.
128786359 [http-nio-8080-exec-5] INFO  com.hcl.controller.CartController - New cart has been created for the user
128795065 [http-nio-8080-exec-9] INFO  c.hcl.controller.CategoryController - The category is in-stock
128795084 [http-nio-8080-exec-10] INFO  c.hcl.controller.ProductController - All products in-stock have been listed.
128796828 [http-nio-8080-exec-6] INFO  c.hcl.controller.ProductController - A product has been retrieved with id: 5
128798635 [http-nio-8080-exec-1] INFO  com.hcl.controller.CartController - An item with id: 5 has been added to cart
128798875 [http-nio-8080-exec-7] INFO  com.hcl.controller.CartController - Cart items have been retrieved
128801924 [http-nio-8080-exec-5] INFO  com.hcl.controller.CartController - New cart has been created for the user
128868329 [http-nio-8080-exec-5] INFO  com.hcl.controller.UserController - A user has been created successfully
128873659 [http-nio-8080-exec-4] INFO  com.hcl.controller.UserController - JWT token has been generated.
128873792 [http-nio-8080-exec-9] INFO  com.hcl.controller.CartController - New cart has been created for the user
128874927 [http-nio-8080-exec-8] INFO  c.hcl.controller.CategoryController - The category is in-stock
128874928 [http-nio-8080-exec-1] INFO  c.hcl.controller.ProductController - All products in-stock have been listed.
128883389 [http-nio-8080-exec-7] INFO  c.hcl.controller.CategoryController - The category is in-stock
128883389 [http-nio-8080-exec-2] INFO  c.hcl.controller.ProductController - All products in-stock have been listed.
128884486 [http-nio-8080-exec-10] INFO  c.hcl.controller.ProductController - A product has been retrieved with id: 5
128886379 [http-nio-8080-exec-5] INFO  com.hcl.controller.CartController - Cart items have been retrieved
128893730 [http-nio-8080-exec-8] INFO  c.hcl.controller.CategoryController - The category is in-stock
128893732 [http-nio-8080-exec-9] INFO  c.hcl.controller.ProductController - All products in-stock have been listed.
128894530 [http-nio-8080-exec-1] INFO  c.hcl.controller.ProductController - A product has been retrieved with id: 5
128895892 [http-nio-8080-exec-6] INFO  com.hcl.controller.CartController - An item with id: 5 has been added to cart
128896035 [http-nio-8080-exec-7] INFO  com.hcl.controller.CartController - Cart items have been retrieved
128903396 [http-nio-8080-exec-10] WARN  com.hcl.controller.CartController - An item with id: 5 has been deleted from cart
128907717 [http-nio-8080-exec-3] INFO  com.hcl.controller.CartController - Cart items have been retrieved
128909798 [http-nio-8080-exec-5] WARN  com.hcl.controller.CartController - An item with id: 5 has been deleted from cart
128911773 [http-nio-8080-exec-8] INFO  com.hcl.controller.CartController - Cart items have been retrieved
128948298 [http-nio-8080-exec-5] INFO  c.hcl.controller.CategoryController - The category is in-stock
128957549 [http-nio-8080-exec-2] INFO  com.hcl.controller.UserController - A user has been created successfully
128962852 [http-nio-8080-exec-6] INFO  com.hcl.controller.UserController - JWT token has been generated.
128962945 [http-nio-8080-exec-7] INFO  com.hcl.controller.CartController - New cart has been created for the user
128967937 [http-nio-8080-exec-1] INFO  c.hcl.controller.CategoryController - The category is in-stock
128967950 [http-nio-8080-exec-9] INFO  c.hcl.controller.ProductController - All products in-stock have been listed.
128968759 [http-nio-8080-exec-8] INFO  c.hcl.controller.ProductController - A product has been retrieved with id: 4
128970097 [http-nio-8080-exec-10] INFO  com.hcl.controller.CartController - An item with id: 4 has been added to cart
128970306 [http-nio-8080-exec-5] INFO  com.hcl.controller.CartController - Cart items have been retrieved
128972145 [http-nio-8080-exec-2] WARN  com.hcl.controller.CartController - An item with id: 4 has been deleted from cart
128974421 [http-nio-8080-exec-6] INFO  com.hcl.controller.CartController - Cart items have been retrieved
128994215 [http-nio-8080-exec-1] WARN  com.hcl.controller.CartController - An item with id: 4 has been deleted from cart
129375661 [http-nio-8080-exec-1] INFO  com.hcl.controller.UserController - A user has been created successfully
129381424 [http-nio-8080-exec-3] INFO  com.hcl.controller.UserController - JWT token has been generated.
129381558 [http-nio-8080-exec-2] INFO  com.hcl.controller.CartController - New cart has been created for the user
129388046 [http-nio-8080-exec-5] INFO  c.hcl.controller.CategoryController - The category is in-stock
129388047 [http-nio-8080-exec-4] INFO  c.hcl.controller.ProductController - All products in-stock have been listed.
129391500 [http-nio-8080-exec-6] INFO  c.hcl.controller.ProductController - A product has been retrieved with id: 5
129393279 [http-nio-8080-exec-7] INFO  com.hcl.controller.CartController - An item with id: 5 has been added to cart
129393479 [http-nio-8080-exec-8] INFO  com.hcl.controller.CartController - Cart items have been retrieved
129394972 [http-nio-8080-exec-10] WARN  com.hcl.controller.CartController - An item with id: 5 has been deleted from cart
130015863 [http-nio-8080-exec-8] INFO  c.hcl.controller.CategoryController - The category is in-stock
130023259 [http-nio-8080-exec-6] INFO  com.hcl.controller.UserController - A user has been created successfully
130028701 [http-nio-8080-exec-3] INFO  com.hcl.controller.UserController - JWT token has been generated.
130028801 [http-nio-8080-exec-4] INFO  com.hcl.controller.CartController - New cart has been created for the user
130040971 [http-nio-8080-exec-9] INFO  c.hcl.controller.CategoryController - The category is in-stock
130040983 [http-nio-8080-exec-5] INFO  c.hcl.controller.ProductController - All products in-stock have been listed.
130041788 [http-nio-8080-exec-10] INFO  c.hcl.controller.ProductController - A product has been retrieved with id: 5
130043031 [http-nio-8080-exec-8] INFO  com.hcl.controller.CartController - An item with id: 5 has been added to cart
130043256 [http-nio-8080-exec-3] INFO  com.hcl.controller.CartController - Cart items have been retrieved
130045643 [http-nio-8080-exec-9] WARN  com.hcl.controller.CartController - An item with id: 5 has been deleted from cart
130048378 [http-nio-8080-exec-5] INFO  com.hcl.controller.CartController - Cart items have been retrieved
130064867 [http-nio-8080-exec-10] WARN  com.hcl.controller.CartController - An item with id: 5 has been deleted from cart
130126617 [http-nio-8080-exec-3] INFO  c.hcl.controller.CategoryController - The category is in-stock
130138315 [http-nio-8080-exec-6] INFO  com.hcl.controller.UserController - A user has been created successfully
130146536 [http-nio-8080-exec-8] INFO  com.hcl.controller.UserController - JWT token has been generated.
130146687 [http-nio-8080-exec-4] INFO  com.hcl.controller.CartController - New cart has been created for the user
130147689 [http-nio-8080-exec-5] INFO  c.hcl.controller.CategoryController - The category is in-stock
130147704 [http-nio-8080-exec-1] INFO  c.hcl.controller.ProductController - All products in-stock have been listed.
130148541 [http-nio-8080-exec-10] INFO  c.hcl.controller.ProductController - A product has been retrieved with id: 5
130149471 [http-nio-8080-exec-7] INFO  com.hcl.controller.CartController - An item with id: 5 has been added to cart
130149718 [http-nio-8080-exec-2] INFO  com.hcl.controller.CartController - Cart items have been retrieved
130151518 [http-nio-8080-exec-3] WARN  com.hcl.controller.CartController - An item with id: 5 has been deleted from cart
130163672 [http-nio-8080-exec-6] INFO  com.hcl.controller.CartController - Cart items have been retrieved
130164835 [http-nio-8080-exec-4] WARN  com.hcl.controller.CartController - An item with id: 5 has been deleted from cart
130217139 [http-nio-8080-exec-2] INFO  com.hcl.controller.UserController - A user has been created successfully
130221844 [http-nio-8080-exec-7] INFO  com.hcl.controller.UserController - JWT token has been generated.
130221988 [http-nio-8080-exec-9] INFO  com.hcl.controller.CartController - New cart has been created for the user
130226695 [http-nio-8080-exec-5] INFO  c.hcl.controller.CategoryController - The category is in-stock
130226696 [http-nio-8080-exec-3] INFO  c.hcl.controller.ProductController - All products in-stock have been listed.
130228944 [http-nio-8080-exec-1] INFO  c.hcl.controller.ProductController - A product has been retrieved with id: 5
130229990 [http-nio-8080-exec-8] INFO  com.hcl.controller.CartController - An item with id: 5 has been added to cart
130230180 [http-nio-8080-exec-6] INFO  com.hcl.controller.CartController - Cart items have been retrieved
130231652 [http-nio-8080-exec-4] WARN  com.hcl.controller.CartController - An item with id: 5 has been deleted from cart
130517117 [http-nio-8080-exec-8] INFO  c.hcl.controller.CategoryController - The category is in-stock
130528404 [http-nio-8080-exec-9] INFO  com.hcl.controller.UserController - A user has been created successfully
130534921 [http-nio-8080-exec-3] INFO  com.hcl.controller.UserController - JWT token has been generated.
130535115 [http-nio-8080-exec-6] INFO  com.hcl.controller.CartController - New cart has been created for the user
130542121 [http-nio-8080-exec-5] INFO  c.hcl.controller.CategoryController - The category is in-stock
130542133 [http-nio-8080-exec-4] INFO  c.hcl.controller.ProductController - All products in-stock have been listed.
130542818 [http-nio-8080-exec-2] INFO  c.hcl.controller.ProductController - A product has been retrieved with id: 5
130543736 [http-nio-8080-exec-10] INFO  com.hcl.controller.CartController - An item with id: 5 has been added to cart
130543939 [http-nio-8080-exec-7] INFO  com.hcl.controller.CartController - Cart items have been retrieved
130545156 [http-nio-8080-exec-8] WARN  com.hcl.controller.CartController - An item with id: 5 has been deleted from cart
130546742 [http-nio-8080-exec-9] INFO  com.hcl.controller.CartController - Cart items have been retrieved
130548216 [http-nio-8080-exec-6] WARN  com.hcl.controller.CartController - An item with id: 5 has been deleted from cart
130549987 [http-nio-8080-exec-5] INFO  com.hcl.controller.CartController - Cart items have been retrieved
130551194 [http-nio-8080-exec-2] WARN  com.hcl.controller.CartController - An item with id: 5 has been deleted from cart
130553329 [http-nio-8080-exec-10] INFO  com.hcl.controller.CartController - Cart items have been retrieved
130554353 [http-nio-8080-exec-7] WARN  com.hcl.controller.CartController - An item with id: 5 has been deleted from cart
130554522 [http-nio-8080-exec-8] WARN  com.hcl.controller.CartController - An item with id: 5 has been deleted from cart
130554661 [http-nio-8080-exec-3] WARN  com.hcl.controller.CartController - An item with id: 5 has been deleted from cart
130554809 [http-nio-8080-exec-9] WARN  com.hcl.controller.CartController - An item with id: 5 has been deleted from cart
130554962 [http-nio-8080-exec-6] WARN  com.hcl.controller.CartController - An item with id: 5 has been deleted from cart
130555122 [http-nio-8080-exec-4] WARN  com.hcl.controller.CartController - An item with id: 5 has been deleted from cart
130555289 [http-nio-8080-exec-5] WARN  com.hcl.controller.CartController - An item with id: 5 has been deleted from cart
130555436 [http-nio-8080-exec-2] WARN  com.hcl.controller.CartController - An item with id: 5 has been deleted from cart
130555593 [http-nio-8080-exec-1] WARN  com.hcl.controller.CartController - An item with id: 5 has been deleted from cart
130555744 [http-nio-8080-exec-10] WARN  com.hcl.controller.CartController - An item with id: 5 has been deleted from cart
130555897 [http-nio-8080-exec-7] WARN  com.hcl.controller.CartController - An item with id: 5 has been deleted from cart
130556054 [http-nio-8080-exec-8] WARN  com.hcl.controller.CartController - An item with id: 5 has been deleted from cart
130556216 [http-nio-8080-exec-3] WARN  com.hcl.controller.CartController - An item with id: 5 has been deleted from cart
130556518 [http-nio-8080-exec-9] WARN  com.hcl.controller.CartController - An item with id: 5 has been deleted from cart
130556725 [http-nio-8080-exec-6] WARN  com.hcl.controller.CartController - An item with id: 5 has been deleted from cart
130556878 [http-nio-8080-exec-4] WARN  com.hcl.controller.CartController - An item with id: 5 has been deleted from cart
130557028 [http-nio-8080-exec-5] WARN  com.hcl.controller.CartController - An item with id: 5 has been deleted from cart
130557143 [http-nio-8080-exec-2] WARN  com.hcl.controller.CartController - An item with id: 5 has been deleted from cart
130557301 [http-nio-8080-exec-1] WARN  com.hcl.controller.CartController - An item with id: 5 has been deleted from cart
130557477 [http-nio-8080-exec-10] WARN  com.hcl.controller.CartController - An item with id: 5 has been deleted from cart
130557634 [http-nio-8080-exec-7] WARN  com.hcl.controller.CartController - An item with id: 5 has been deleted from cart
130557787 [http-nio-8080-exec-8] WARN  com.hcl.controller.CartController - An item with id: 5 has been deleted from cart
130557946 [http-nio-8080-exec-3] WARN  com.hcl.controller.CartController - An item with id: 5 has been deleted from cart
130558090 [http-nio-8080-exec-9] WARN  com.hcl.controller.CartController - An item with id: 5 has been deleted from cart
130558256 [http-nio-8080-exec-6] WARN  com.hcl.controller.CartController - An item with id: 5 has been deleted from cart
130558417 [http-nio-8080-exec-4] WARN  com.hcl.controller.CartController - An item with id: 5 has been deleted from cart
130558575 [http-nio-8080-exec-5] WARN  com.hcl.controller.CartController - An item with id: 5 has been deleted from cart
130558729 [http-nio-8080-exec-2] WARN  com.hcl.controller.CartController - An item with id: 5 has been deleted from cart
130559076 [http-nio-8080-exec-1] WARN  com.hcl.controller.CartController - An item with id: 5 has been deleted from cart
130582954 [http-nio-8080-exec-7] INFO  c.hcl.controller.CategoryController - The category is in-stock
130592549 [http-nio-8080-exec-3] INFO  com.hcl.controller.UserController - A user has been created successfully
130600806 [http-nio-8080-exec-4] INFO  com.hcl.controller.UserController - JWT token has been generated.
130600926 [http-nio-8080-exec-10] INFO  com.hcl.controller.CartController - New cart has been created for the user
130603524 [http-nio-8080-exec-6] INFO  c.hcl.controller.CategoryController - The category is in-stock
130603537 [http-nio-8080-exec-1] INFO  c.hcl.controller.ProductController - All products in-stock have been listed.
130605226 [http-nio-8080-exec-9] INFO  c.hcl.controller.ProductController - A product has been retrieved with id: 5
130606225 [http-nio-8080-exec-5] INFO  com.hcl.controller.CartController - An item with id: 5 has been added to cart
130606429 [http-nio-8080-exec-7] INFO  com.hcl.controller.CartController - Cart items have been retrieved
130607680 [http-nio-8080-exec-4] WARN  com.hcl.controller.CartController - An item with id: 5 has been deleted from cart
130610514 [http-nio-8080-exec-10] INFO  com.hcl.controller.CartController - Cart items have been retrieved
130804209 [http-nio-8080-exec-4] INFO  c.hcl.controller.CategoryController - The category is in-stock
130812966 [http-nio-8080-exec-6] INFO  com.hcl.controller.UserController - A user has been created successfully
130819148 [http-nio-8080-exec-10] INFO  com.hcl.controller.UserController - JWT token has been generated.
130819235 [http-nio-8080-exec-3] INFO  com.hcl.controller.CartController - New cart has been created for the user
130821849 [http-nio-8080-exec-8] INFO  c.hcl.controller.CategoryController - The category is in-stock
130821864 [http-nio-8080-exec-2] INFO  c.hcl.controller.ProductController - All products in-stock have been listed.
130822529 [http-nio-8080-exec-1] INFO  c.hcl.controller.ProductController - A product has been retrieved with id: 5
130823408 [http-nio-8080-exec-9] INFO  com.hcl.controller.CartController - An item with id: 5 has been added to cart
130823670 [http-nio-8080-exec-4] INFO  com.hcl.controller.CartController - Cart items have been retrieved
130825139 [http-nio-8080-exec-6] WARN  com.hcl.controller.CartController - An item with id: 5 has been deleted from cart
130832461 [http-nio-8080-exec-10] INFO  com.hcl.controller.CartController - Cart items have been retrieved
130836554 [http-nio-8080-exec-8] WARN  com.hcl.controller.CartController - An item with id: 5 has been deleted from cart
130878266 [http-nio-8080-exec-4] INFO  c.hcl.controller.CategoryController - The category is in-stock
130893634 [http-nio-8080-exec-7] INFO  com.hcl.controller.UserController - A user has been created successfully
130897736 [http-nio-8080-exec-2] INFO  com.hcl.controller.UserController - JWT token has been generated.
130897966 [http-nio-8080-exec-8] INFO  com.hcl.controller.CartController - New cart has been created for the user
130898719 [http-nio-8080-exec-9] INFO  c.hcl.controller.CategoryController - The category is in-stock
130898737 [http-nio-8080-exec-3] INFO  c.hcl.controller.ProductController - All products in-stock have been listed.
130899609 [http-nio-8080-exec-10] INFO  c.hcl.controller.ProductController - A product has been retrieved with id: 5
130900494 [http-nio-8080-exec-5] INFO  com.hcl.controller.CartController - An item with id: 5 has been added to cart
130900697 [http-nio-8080-exec-6] INFO  com.hcl.controller.CartController - Cart items have been retrieved
130901727 [http-nio-8080-exec-4] WARN  com.hcl.controller.CartController - An item with id: 5 has been deleted from cart
130903373 [http-nio-8080-exec-7] INFO  com.hcl.controller.CartController - Cart items have been retrieved
130907577 [http-nio-8080-exec-3] INFO  com.hcl.controller.CartController - New cart has been created for the user
131011968 [http-nio-8080-exec-1] INFO  c.hcl.controller.CategoryController - The category is in-stock
131019868 [http-nio-8080-exec-3] INFO  com.hcl.controller.UserController - A user has been created successfully
131022970 [http-nio-8080-exec-4] INFO  com.hcl.controller.UserController - JWT token has been generated.
131023035 [http-nio-8080-exec-5] INFO  com.hcl.controller.CartController - New cart has been created for the user
131023829 [http-nio-8080-exec-7] INFO  c.hcl.controller.CategoryController - The category is in-stock
131023834 [http-nio-8080-exec-6] INFO  c.hcl.controller.ProductController - All products in-stock have been listed.
131024616 [http-nio-8080-exec-8] INFO  c.hcl.controller.ProductController - A product has been retrieved with id: 5
131025641 [http-nio-8080-exec-9] INFO  com.hcl.controller.CartController - An item with id: 5 has been added to cart
131025835 [http-nio-8080-exec-10] INFO  com.hcl.controller.CartController - Cart items have been retrieved
131029265 [http-nio-8080-exec-3] INFO  com.hcl.controller.CartController - New cart has been created for the user
131054367 [http-nio-8080-exec-1] INFO  c.hcl.controller.CategoryController - The category is in-stock
131060616 [http-nio-8080-exec-2] INFO  com.hcl.controller.UserController - A user has been created successfully
131065892 [http-nio-8080-exec-8] INFO  com.hcl.controller.UserController - JWT token has been generated.
131066002 [http-nio-8080-exec-3] INFO  com.hcl.controller.CartController - New cart has been created for the user
131067329 [http-nio-8080-exec-5] INFO  c.hcl.controller.CategoryController - The category is in-stock
131067343 [http-nio-8080-exec-9] INFO  c.hcl.controller.ProductController - All products in-stock have been listed.
131068250 [http-nio-8080-exec-4] INFO  c.hcl.controller.ProductController - A product has been retrieved with id: 5
131069875 [http-nio-8080-exec-10] INFO  com.hcl.controller.CartController - An item with id: 5 has been added to cart
131070107 [http-nio-8080-exec-6] INFO  com.hcl.controller.CartController - Cart items have been retrieved
131073289 [http-nio-8080-exec-2] INFO  com.hcl.controller.CartController - New cart has been created for the user
131384102 [http-nio-8080-exec-1] INFO  c.hcl.controller.CategoryController - The category is in-stock
131391685 [http-nio-8080-exec-7] INFO  com.hcl.controller.UserController - A user has been created successfully
131396676 [http-nio-8080-exec-8] INFO  com.hcl.controller.UserController - JWT token has been generated.
131396789 [http-nio-8080-exec-9] INFO  com.hcl.controller.CartController - New cart has been created for the user
131398100 [http-nio-8080-exec-4] INFO  c.hcl.controller.CategoryController - The category is in-stock
131398114 [http-nio-8080-exec-2] INFO  c.hcl.controller.ProductController - All products in-stock have been listed.
131399167 [http-nio-8080-exec-10] INFO  c.hcl.controller.ProductController - A product has been retrieved with id: 5
131401284 [http-nio-8080-exec-5] INFO  com.hcl.controller.CartController - An item with id: 5 has been added to cart
131401478 [http-nio-8080-exec-3] INFO  com.hcl.controller.CartController - Cart items have been retrieved
131404396 [http-nio-8080-exec-1] WARN  com.hcl.controller.CartController - An item with id: 5 has been deleted from cart
131406959 [http-nio-8080-exec-8] INFO  c.hcl.controller.CategoryController - The category is in-stock
131406959 [http-nio-8080-exec-7] INFO  c.hcl.controller.ProductController - All products in-stock have been listed.
131409057 [http-nio-8080-exec-4] INFO  c.hcl.controller.ProductController - A product has been retrieved with id: 4
131410264 [http-nio-8080-exec-10] INFO  com.hcl.controller.CartController - An item with id: 4 has been added to cart
131410419 [http-nio-8080-exec-5] INFO  com.hcl.controller.CartController - Cart items have been retrieved
131413085 [http-nio-8080-exec-1] INFO  com.hcl.controller.CartController - New cart has been created for the user
131543135 [http-nio-8080-exec-2] INFO  c.hcl.controller.CategoryController - The category is in-stock
131554020 [http-nio-8080-exec-1] INFO  com.hcl.controller.UserController - A user has been created successfully
131557205 [http-nio-8080-exec-9] INFO  com.hcl.controller.UserController - JWT token has been generated.
131557317 [http-nio-8080-exec-5] INFO  com.hcl.controller.CartController - New cart has been created for the user
131558676 [http-nio-8080-exec-6] INFO  c.hcl.controller.CategoryController - The category is in-stock
131558692 [http-nio-8080-exec-7] INFO  c.hcl.controller.ProductController - All products in-stock have been listed.
131559348 [http-nio-8080-exec-3] INFO  c.hcl.controller.ProductController - A product has been retrieved with id: 5
131560682 [http-nio-8080-exec-4] INFO  com.hcl.controller.CartController - An item with id: 5 has been added to cart
131560903 [http-nio-8080-exec-10] INFO  com.hcl.controller.CartController - Cart items have been retrieved
131563777 [http-nio-8080-exec-8] WARN  com.hcl.controller.CartController - An item with id: 5 has been deleted from cart
131566011 [http-nio-8080-exec-1] INFO  com.hcl.controller.CartController - Cart items have been retrieved
131603924 [http-nio-8080-exec-2] INFO  c.hcl.controller.CategoryController - The category is in-stock
131616355 [http-nio-8080-exec-9] INFO  com.hcl.controller.UserController - A user has been created successfully
131620752 [http-nio-8080-exec-8] INFO  com.hcl.controller.UserController - JWT token has been generated.
131620852 [http-nio-8080-exec-1] INFO  com.hcl.controller.CartController - New cart has been created for the user
131622067 [http-nio-8080-exec-4] INFO  c.hcl.controller.CategoryController - The category is in-stock
131622080 [http-nio-8080-exec-10] INFO  c.hcl.controller.ProductController - All products in-stock have been listed.
131623159 [http-nio-8080-exec-3] INFO  c.hcl.controller.ProductController - A product has been retrieved with id: 5
131625672 [http-nio-8080-exec-6] INFO  com.hcl.controller.CartController - An item with id: 5 has been added to cart
131625855 [http-nio-8080-exec-5] INFO  com.hcl.controller.CartController - Cart items have been retrieved
131627757 [http-nio-8080-exec-9] INFO  c.hcl.controller.CategoryController - The category is in-stock
131627757 [http-nio-8080-exec-7] INFO  c.hcl.controller.ProductController - All products in-stock have been listed.
131628566 [http-nio-8080-exec-8] INFO  c.hcl.controller.ProductController - A product has been retrieved with id: 4
131629684 [http-nio-8080-exec-1] INFO  com.hcl.controller.CartController - An item with id: 4 has been added to cart
131629817 [http-nio-8080-exec-4] INFO  com.hcl.controller.CartController - Cart items have been retrieved
131631504 [http-nio-8080-exec-6] INFO  c.hcl.controller.CategoryController - The category is in-stock
131631505 [http-nio-8080-exec-3] INFO  c.hcl.controller.ProductController - All products in-stock have been listed.
131632119 [http-nio-8080-exec-2] INFO  c.hcl.controller.ProductController - A product has been retrieved with id: 4
131633131 [http-nio-8080-exec-5] INFO  com.hcl.controller.CartController - An item with id: 4 has been added to cart
131633256 [http-nio-8080-exec-9] INFO  com.hcl.controller.CartController - Cart items have been retrieved
131634910 [http-nio-8080-exec-1] WARN  com.hcl.controller.CartController - An item with id: 4 has been deleted from cart
131636524 [http-nio-8080-exec-10] INFO  com.hcl.controller.CartController - Cart items have been retrieved
131645364 [http-nio-8080-exec-3] INFO  com.hcl.controller.CartController - New cart has been created for the user
131766979 [http-nio-8080-exec-4] INFO  c.hcl.controller.CategoryController - The category is in-stock
131775149 [http-nio-8080-exec-3] INFO  com.hcl.controller.UserController - A user has been created successfully
131779516 [http-nio-8080-exec-8] INFO  com.hcl.controller.UserController - JWT token has been generated.
131779600 [http-nio-8080-exec-10] INFO  com.hcl.controller.CartController - New cart has been created for the user
131780363 [http-nio-8080-exec-6] INFO  c.hcl.controller.ProductController - All products in-stock have been listed.
131780378 [http-nio-8080-exec-5] INFO  c.hcl.controller.CategoryController - The category is in-stock
131780960 [http-nio-8080-exec-2] INFO  c.hcl.controller.ProductController - A product has been retrieved with id: 5
131782039 [http-nio-8080-exec-7] INFO  com.hcl.controller.CartController - An item with id: 5 has been added to cart
131782248 [http-nio-8080-exec-9] INFO  com.hcl.controller.CartController - Cart items have been retrieved
131783962 [http-nio-8080-exec-3] INFO  com.hcl.controller.CartController - New cart has been created for the user
14584 [http-nio-8080-exec-1] INFO  c.hcl.controller.CategoryController - The category is in-stock
22358 [http-nio-8080-exec-3] INFO  com.hcl.controller.UserController - A user has been created successfully
25805 [http-nio-8080-exec-5] INFO  com.hcl.controller.UserController - JWT token has been generated.
25950 [http-nio-8080-exec-7] INFO  com.hcl.controller.CartController - New cart has been created for the user
26661 [http-nio-8080-exec-9] INFO  c.hcl.controller.CategoryController - The category is in-stock
26678 [http-nio-8080-exec-8] INFO  c.hcl.controller.ProductController - All products in-stock have been listed.
27502 [http-nio-8080-exec-2] INFO  c.hcl.controller.ProductController - A product has been retrieved with id: 5
28588 [http-nio-8080-exec-1] INFO  com.hcl.controller.CartController - An item with id: 5 has been added to cart
28792 [http-nio-8080-exec-6] INFO  com.hcl.controller.CartController - Cart items have been retrieved
32639 [http-nio-8080-exec-9] INFO  com.hcl.controller.CartController - New cart has been created for the user
61890 [http-nio-8080-exec-1] INFO  c.hcl.controller.CategoryController - The category is in-stock
70027 [http-nio-8080-exec-3] INFO  com.hcl.controller.UserController - A user has been created successfully
73168 [http-nio-8080-exec-4] INFO  com.hcl.controller.UserController - JWT token has been generated.
73273 [http-nio-8080-exec-5] INFO  com.hcl.controller.CartController - New cart has been created for the user
74116 [http-nio-8080-exec-7] INFO  c.hcl.controller.CategoryController - The category is in-stock
74136 [http-nio-8080-exec-6] INFO  c.hcl.controller.ProductController - All products in-stock have been listed.
93052 [http-nio-8080-exec-9] INFO  c.hcl.controller.CategoryController - The category is in-stock
93056 [http-nio-8080-exec-8] INFO  c.hcl.controller.ProductController - All products in-stock have been listed.
95184 [http-nio-8080-exec-1] INFO  c.hcl.controller.ProductController - A product has been retrieved with id: 5
97408 [http-nio-8080-exec-2] INFO  com.hcl.controller.CartController - An item with id: 5 has been added to cart
97585 [http-nio-8080-exec-3] INFO  com.hcl.controller.CartController - Cart items have been retrieved
100322 [http-nio-8080-exec-7] INFO  com.hcl.controller.CartController - New cart has been created for the user
152784 [http-nio-8080-exec-6] INFO  c.hcl.controller.CategoryController - The category is in-stock
159462 [http-nio-8080-exec-1] INFO  com.hcl.controller.UserController - A user has been created successfully
162232 [http-nio-8080-exec-7] INFO  com.hcl.controller.UserController - JWT token has been generated.
162346 [http-nio-8080-exec-5] INFO  com.hcl.controller.CartController - New cart has been created for the user
163247 [http-nio-8080-exec-8] INFO  c.hcl.controller.ProductController - All products in-stock have been listed.
163251 [http-nio-8080-exec-9] INFO  c.hcl.controller.CategoryController - The category is in-stock
164539 [http-nio-8080-exec-10] INFO  c.hcl.controller.ProductController - A product has been retrieved with id: 5
165599 [http-nio-8080-exec-3] INFO  com.hcl.controller.CartController - An item with id: 5 has been added to cart
165849 [http-nio-8080-exec-4] INFO  com.hcl.controller.CartController - Cart items have been retrieved
168474 [http-nio-8080-exec-1] WARN  com.hcl.controller.CartController - An item with id: 5 has been deleted from cart
171735 [http-nio-8080-exec-7] INFO  com.hcl.controller.CartController - Cart items have been retrieved
223122 [http-nio-8080-exec-10] INFO  c.hcl.controller.CategoryController - The category is in-stock
234070 [http-nio-8080-exec-9] INFO  com.hcl.controller.UserController - A user has been created successfully
238549 [http-nio-8080-exec-6] INFO  com.hcl.controller.UserController - JWT token has been generated.
238705 [http-nio-8080-exec-1] INFO  com.hcl.controller.CartController - New cart has been created for the user
240448 [http-nio-8080-exec-3] INFO  c.hcl.controller.CategoryController - The category is in-stock
240455 [http-nio-8080-exec-7] INFO  c.hcl.controller.ProductController - All products in-stock have been listed.
241080 [http-nio-8080-exec-8] INFO  c.hcl.controller.ProductController - A product has been retrieved with id: 4
242225 [http-nio-8080-exec-5] INFO  com.hcl.controller.CartController - An item with id: 4 has been added to cart
242410 [http-nio-8080-exec-2] INFO  com.hcl.controller.CartController - Cart items have been retrieved
243750 [http-nio-8080-exec-4] WARN  com.hcl.controller.CartController - An item with id: 4 has been deleted from cart
248354 [http-nio-8080-exec-9] INFO  com.hcl.controller.CartController - Cart items have been retrieved
251452 [http-nio-8080-exec-1] WARN  com.hcl.controller.CartController - An item with id: 4 has been deleted from cart
967079 [http-nio-8080-exec-8] INFO  com.hcl.controller.UserController - A user has been created successfully
971652 [http-nio-8080-exec-9] INFO  com.hcl.controller.UserController - JWT token has been generated.
971725 [http-nio-8080-exec-1] INFO  com.hcl.controller.CartController - New cart has been created for the user
972793 [http-nio-8080-exec-10] INFO  c.hcl.controller.ProductController - All products in-stock have been listed.
972794 [http-nio-8080-exec-4] INFO  c.hcl.controller.CategoryController - The category is in-stock
973831 [http-nio-8080-exec-2] INFO  c.hcl.controller.ProductController - A product has been retrieved with id: 5
975120 [http-nio-8080-exec-3] INFO  com.hcl.controller.CartController - Cart items have been retrieved
977105 [http-nio-8080-exec-1] INFO  c.hcl.controller.CategoryController - The category is in-stock
977106 [http-nio-8080-exec-9] INFO  c.hcl.controller.ProductController - All products in-stock have been listed.
977830 [http-nio-8080-exec-5] INFO  c.hcl.controller.ProductController - A product has been retrieved with id: 4
978798 [http-nio-8080-exec-6] INFO  com.hcl.controller.CartController - An item with id: 4 has been added to cart
978927 [http-nio-8080-exec-4] INFO  com.hcl.controller.CartController - Cart items have been retrieved
987141 [http-nio-8080-exec-8] INFO  com.hcl.controller.CartController - New cart has been created for the user
988808 [http-nio-8080-exec-1] INFO  c.hcl.controller.CategoryController - The category is in-stock
988809 [http-nio-8080-exec-3] INFO  c.hcl.controller.ProductController - All products in-stock have been listed.
989865 [http-nio-8080-exec-9] INFO  com.hcl.controller.CartController - Cart items have been retrieved
991076 [http-nio-8080-exec-5] WARN  com.hcl.controller.CartController - An item with id: 4 has been deleted from cart
993246 [http-nio-8080-exec-6] INFO  com.hcl.controller.CartController - Cart items have been retrieved
1052494 [http-nio-8080-exec-1] INFO  c.hcl.controller.CategoryController - The category is in-stock
1061043 [http-nio-8080-exec-3] INFO  com.hcl.controller.UserController - A user has been created successfully
1064146 [http-nio-8080-exec-4] INFO  com.hcl.controller.UserController - JWT token has been generated.
1064217 [http-nio-8080-exec-5] INFO  com.hcl.controller.CartController - New cart has been created for the user
1065040 [http-nio-8080-exec-7] INFO  c.hcl.controller.CategoryController - The category is in-stock
1065050 [http-nio-8080-exec-6] INFO  c.hcl.controller.ProductController - All products in-stock have been listed.
1065687 [http-nio-8080-exec-8] INFO  c.hcl.controller.ProductController - A product has been retrieved with id: 5
1066574 [http-nio-8080-exec-9] INFO  com.hcl.controller.CartController - An item with id: 5 has been added to cart
1066781 [http-nio-8080-exec-10] INFO  com.hcl.controller.CartController - Cart items have been retrieved
1069466 [http-nio-8080-exec-3] INFO  com.hcl.controller.CartController - New cart has been created for the user
1137162 [http-nio-8080-exec-1] INFO  c.hcl.controller.CategoryController - The category is in-stock
1145013 [http-nio-8080-exec-3] INFO  com.hcl.controller.UserController - A user has been created successfully
1149612 [http-nio-8080-exec-4] INFO  com.hcl.controller.UserController - JWT token has been generated.
1149682 [http-nio-8080-exec-5] INFO  com.hcl.controller.CartController - New cart has been created for the user
1150649 [http-nio-8080-exec-7] INFO  c.hcl.controller.CategoryController - The category is in-stock
1150660 [http-nio-8080-exec-6] INFO  c.hcl.controller.ProductController - All products in-stock have been listed.
1151552 [http-nio-8080-exec-8] INFO  c.hcl.controller.ProductController - A product has been retrieved with id: 5
1152738 [http-nio-8080-exec-9] INFO  com.hcl.controller.CartController - An item with id: 5 has been added to cart
1152874 [http-nio-8080-exec-10] INFO  com.hcl.controller.CartController - Cart items have been retrieved
1154857 [http-nio-8080-exec-1] WARN  com.hcl.controller.CartController - An item with id: 5 has been deleted from cart
1622949 [http-nio-8080-exec-4] INFO  com.hcl.controller.UserController - A user has been created successfully
1625809 [http-nio-8080-exec-7] INFO  com.hcl.controller.UserController - JWT token has been generated.
1625894 [http-nio-8080-exec-8] INFO  com.hcl.controller.CartController - New cart has been created for the user
1627350 [http-nio-8080-exec-9] INFO  c.hcl.controller.CategoryController - The category is in-stock
1627351 [http-nio-8080-exec-2] INFO  c.hcl.controller.ProductController - All products in-stock have been listed.
1636034 [http-nio-8080-exec-3] INFO  c.hcl.controller.ProductController - All products in-stock have been listed.
1636036 [http-nio-8080-exec-1] INFO  c.hcl.controller.CategoryController - The category is in-stock
1636978 [http-nio-8080-exec-10] INFO  c.hcl.controller.ProductController - A product has been retrieved with id: 5
1638076 [http-nio-8080-exec-5] INFO  com.hcl.controller.CartController - An item with id: 5 has been added to cart
1638264 [http-nio-8080-exec-6] INFO  com.hcl.controller.CartController - Cart items have been retrieved
1641531 [http-nio-8080-exec-7] WARN  com.hcl.controller.CartController - An item with id: 5 has been deleted from cart
1647843 [http-nio-8080-exec-8] INFO  com.hcl.controller.CartController - Cart items have been retrieved
1651126 [http-nio-8080-exec-1] INFO  com.hcl.controller.CartController - New cart has been created for the user
1802373 [http-nio-8080-exec-4] INFO  com.hcl.controller.UserController - A user has been created successfully
1805071 [http-nio-8080-exec-6] INFO  com.hcl.controller.UserController - JWT token has been generated.
1805154 [http-nio-8080-exec-2] INFO  com.hcl.controller.CartController - New cart has been created for the user
1806110 [http-nio-8080-exec-5] INFO  c.hcl.controller.ProductController - All products in-stock have been listed.
1806111 [http-nio-8080-exec-7] INFO  c.hcl.controller.CategoryController - The category is in-stock
1806977 [http-nio-8080-exec-8] INFO  c.hcl.controller.ProductController - A product has been retrieved with id: 5
1808720 [http-nio-8080-exec-3] INFO  com.hcl.controller.CartController - Cart items have been retrieved
1808720 [http-nio-8080-exec-9] INFO  com.hcl.controller.CartController - An item with id: 5 has been added to cart
1810424 [http-nio-8080-exec-4] INFO  c.hcl.controller.CategoryController - The category is in-stock
1810424 [http-nio-8080-exec-10] INFO  c.hcl.controller.ProductController - All products in-stock have been listed.
1811317 [http-nio-8080-exec-6] INFO  c.hcl.controller.ProductController - A product has been retrieved with id: 5
1812178 [http-nio-8080-exec-2] INFO  com.hcl.controller.CartController - An item with id: 5 has been added to cart
1812300 [http-nio-8080-exec-7] INFO  com.hcl.controller.CartController - Cart items have been retrieved
1814229 [http-nio-8080-exec-8] WARN  com.hcl.controller.CartController - An item with id: 5 has been deleted from cart
1815374 [http-nio-8080-exec-1] WARN  com.hcl.controller.CartController - An item with id: 5 has been deleted from cart
1817163 [http-nio-8080-exec-9] INFO  com.hcl.controller.CartController - Cart items have been retrieved
1818905 [http-nio-8080-exec-4] WARN  com.hcl.controller.CartController - An item with id: 5 has been deleted from cart
1820832 [http-nio-8080-exec-10] INFO  com.hcl.controller.CartController - Cart items have been retrieved
1973882 [http-nio-8080-exec-3] INFO  c.hcl.controller.CategoryController - The category is in-stock
1982048 [http-nio-8080-exec-2] INFO  com.hcl.controller.UserController - A user has been created successfully
1985094 [http-nio-8080-exec-1] INFO  com.hcl.controller.UserController - JWT token has been generated.
1985191 [http-nio-8080-exec-9] INFO  com.hcl.controller.CartController - New cart has been created for the user
1986280 [http-nio-8080-exec-7] INFO  c.hcl.controller.CategoryController - The category is in-stock
1986292 [http-nio-8080-exec-8] INFO  c.hcl.controller.ProductController - All products in-stock have been listed.
1986992 [http-nio-8080-exec-3] INFO  c.hcl.controller.ProductController - A product has been retrieved with id: 5
1987917 [http-nio-8080-exec-4] INFO  com.hcl.controller.CartController - An item with id: 5 has been added to cart
1988105 [http-nio-8080-exec-1] INFO  com.hcl.controller.CartController - Cart items have been retrieved
1990655 [http-nio-8080-exec-7] INFO  com.hcl.controller.CartController - New cart has been created for the user
1992395 [http-nio-8080-exec-8] INFO  com.hcl.controller.CartController - Cart items have been retrieved
1993455 [http-nio-8080-exec-3] WARN  com.hcl.controller.CartController - An item with id: 5 has been deleted from cart
1995049 [http-nio-8080-exec-4] INFO  com.hcl.controller.CartController - Cart items have been retrieved
2130509 [http-nio-8080-exec-7] INFO  com.hcl.controller.UserController - A user has been created successfully
2133856 [http-nio-8080-exec-8] INFO  com.hcl.controller.UserController - JWT token has been generated.
2133963 [http-nio-8080-exec-5] INFO  com.hcl.controller.CartController - New cart has been created for the user
2135605 [http-nio-8080-exec-10] INFO  c.hcl.controller.CategoryController - The category is in-stock
2135606 [http-nio-8080-exec-3] INFO  c.hcl.controller.ProductController - All products in-stock have been listed.
2136262 [http-nio-8080-exec-4] INFO  c.hcl.controller.ProductController - A product has been retrieved with id: 5
2137341 [http-nio-8080-exec-6] INFO  com.hcl.controller.CartController - An item with id: 5 has been added to cart
2137628 [http-nio-8080-exec-1] INFO  com.hcl.controller.CartController - Cart items have been retrieved
2139541 [http-nio-8080-exec-7] INFO  com.hcl.controller.CartController - New cart has been created for the user
2145398 [http-nio-8080-exec-8] INFO  com.hcl.controller.CartController - Cart items have been retrieved
2203202 [http-nio-8080-exec-1] INFO  c.hcl.controller.CategoryController - The category is in-stock
2555815 [http-nio-8080-exec-8] INFO  com.hcl.controller.UserController - A user has been created successfully
2558948 [http-nio-8080-exec-9] INFO  com.hcl.controller.UserController - JWT token has been generated.
2559149 [http-nio-8080-exec-5] INFO  com.hcl.controller.CartController - New cart has been created for the user
2563237 [http-nio-8080-exec-4] INFO  c.hcl.controller.ProductController - All products in-stock have been listed.
2563240 [http-nio-8080-exec-6] INFO  c.hcl.controller.CategoryController - The category is in-stock
2564022 [http-nio-8080-exec-10] INFO  c.hcl.controller.ProductController - A product has been retrieved with id: 5
2565082 [http-nio-8080-exec-7] INFO  com.hcl.controller.CartController - An item with id: 5 has been added to cart
2565219 [http-nio-8080-exec-2] INFO  com.hcl.controller.CartController - Cart items have been retrieved
2567269 [http-nio-8080-exec-8] INFO  com.hcl.controller.CartController - New cart has been created for the user
2570985 [http-nio-8080-exec-9] INFO  com.hcl.controller.CartController - Cart items have been retrieved
2572602 [http-nio-8080-exec-5] WARN  com.hcl.controller.CartController - An item with id: 5 has been deleted from cart
2577548 [http-nio-8080-exec-4] INFO  com.hcl.controller.CartController - Cart items have been retrieved
2579163 [http-nio-8080-exec-10] WARN  com.hcl.controller.CartController - An item with id: 5 has been deleted from cart
2638349 [http-nio-8080-exec-4] INFO  c.hcl.controller.CategoryController - The category is in-stock
2644380 [http-nio-8080-exec-5] INFO  com.hcl.controller.UserController - A user has been created successfully
2646603 [http-nio-8080-exec-10] INFO  com.hcl.controller.UserController - JWT token has been generated.
2646710 [http-nio-8080-exec-8] INFO  com.hcl.controller.CartController - New cart has been created for the user
2648004 [http-nio-8080-exec-6] INFO  c.hcl.controller.CategoryController - The category is in-stock
2648019 [http-nio-8080-exec-2] INFO  c.hcl.controller.ProductController - All products in-stock have been listed.
2648869 [http-nio-8080-exec-1] INFO  c.hcl.controller.ProductController - A product has been retrieved with id: 5
2649866 [http-nio-8080-exec-7] INFO  com.hcl.controller.CartController - An item with id: 5 has been added to cart
2650033 [http-nio-8080-exec-3] INFO  com.hcl.controller.CartController - Cart items have been retrieved
2651782 [http-nio-8080-exec-4] WARN  com.hcl.controller.CartController - An item with id: 5 has been deleted from cart
2653703 [http-nio-8080-exec-5] WARN  com.hcl.controller.CartController - An item with id: 5 has been deleted from cart
2653902 [http-nio-8080-exec-10] WARN  com.hcl.controller.CartController - An item with id: 5 has been deleted from cart
2654090 [http-nio-8080-exec-8] WARN  com.hcl.controller.CartController - An item with id: 5 has been deleted from cart
2654181 [http-nio-8080-exec-6] WARN  com.hcl.controller.CartController - An item with id: 5 has been deleted from cart
2654321 [http-nio-8080-exec-2] WARN  com.hcl.controller.CartController - An item with id: 5 has been deleted from cart
2654478 [http-nio-8080-exec-1] WARN  com.hcl.controller.CartController - An item with id: 5 has been deleted from cart
2654621 [http-nio-8080-exec-7] WARN  com.hcl.controller.CartController - An item with id: 5 has been deleted from cart
2654774 [http-nio-8080-exec-9] WARN  com.hcl.controller.CartController - An item with id: 5 has been deleted from cart
2654928 [http-nio-8080-exec-3] WARN  com.hcl.controller.CartController - An item with id: 5 has been deleted from cart
2655074 [http-nio-8080-exec-4] WARN  com.hcl.controller.CartController - An item with id: 5 has been deleted from cart
2655225 [http-nio-8080-exec-5] WARN  com.hcl.controller.CartController - An item with id: 5 has been deleted from cart
2655379 [http-nio-8080-exec-10] WARN  com.hcl.controller.CartController - An item with id: 5 has been deleted from cart
2655520 [http-nio-8080-exec-8] WARN  com.hcl.controller.CartController - An item with id: 5 has been deleted from cart
2655690 [http-nio-8080-exec-6] WARN  com.hcl.controller.CartController - An item with id: 5 has been deleted from cart
2656002 [http-nio-8080-exec-2] WARN  com.hcl.controller.CartController - An item with id: 5 has been deleted from cart
2656145 [http-nio-8080-exec-1] WARN  com.hcl.controller.CartController - An item with id: 5 has been deleted from cart
2656472 [http-nio-8080-exec-7] WARN  com.hcl.controller.CartController - An item with id: 5 has been deleted from cart
2656639 [http-nio-8080-exec-9] WARN  com.hcl.controller.CartController - An item with id: 5 has been deleted from cart
2764042 [http-nio-8080-exec-8] INFO  c.hcl.controller.CategoryController - The category is in-stock
2770108 [http-nio-8080-exec-6] INFO  com.hcl.controller.UserController - A user has been created successfully
2772346 [http-nio-8080-exec-1] INFO  com.hcl.controller.UserController - JWT token has been generated.
2772456 [http-nio-8080-exec-2] INFO  com.hcl.controller.CartController - New cart has been created for the user
2773358 [http-nio-8080-exec-5] INFO  c.hcl.controller.CategoryController - The category is in-stock
2773372 [http-nio-8080-exec-4] INFO  c.hcl.controller.ProductController - All products in-stock have been listed.
2773996 [http-nio-8080-exec-10] INFO  c.hcl.controller.ProductController - A product has been retrieved with id: 5
2774973 [http-nio-8080-exec-8] INFO  com.hcl.controller.CartController - An item with id: 5 has been added to cart
2775132 [http-nio-8080-exec-9] INFO  com.hcl.controller.CartController - Cart items have been retrieved
2776327 [http-nio-8080-exec-1] WARN  com.hcl.controller.CartController - An item with id: 5 has been deleted from cart
2779069 [http-nio-8080-exec-2] INFO  com.hcl.controller.CartController - Cart items have been retrieved
2780207 [http-nio-8080-exec-3] WARN  com.hcl.controller.CartController - An item with id: 5 has been deleted from cart
2856828 [http-nio-8080-exec-6] INFO  com.hcl.controller.CartController - New cart has been created for the user
3074120 [http-nio-8080-exec-7] INFO  c.hcl.controller.CategoryController - The category is in-stock
3088782 [http-nio-8080-exec-3] INFO  com.hcl.controller.UserController - A user has been created successfully
3091244 [http-nio-8080-exec-8] INFO  com.hcl.controller.UserController - JWT token has been generated.
3091364 [http-nio-8080-exec-4] INFO  com.hcl.controller.CartController - New cart has been created for the user
3092464 [http-nio-8080-exec-6] INFO  c.hcl.controller.CategoryController - The category is in-stock
3092477 [http-nio-8080-exec-9] INFO  c.hcl.controller.ProductController - All products in-stock have been listed.
3093354 [http-nio-8080-exec-10] INFO  c.hcl.controller.ProductController - A product has been retrieved with id: 5
3094263 [http-nio-8080-exec-1] INFO  com.hcl.controller.CartController - An item with id: 5 has been added to cart
3094462 [http-nio-8080-exec-5] INFO  com.hcl.controller.CartController - Cart items have been retrieved
3096435 [http-nio-8080-exec-3] INFO  com.hcl.controller.CartController - New cart has been created for the user
3101837 [http-nio-8080-exec-8] INFO  com.hcl.controller.CartController - Cart items have been retrieved
3103013 [http-nio-8080-exec-4] WARN  com.hcl.controller.CartController - An item with id: 5 has been deleted from cart
3287127 [http-nio-8080-exec-5] INFO  c.hcl.controller.CategoryController - The category is in-stock
3294686 [http-nio-8080-exec-9] INFO  com.hcl.controller.UserController - A user has been created successfully
3296859 [http-nio-8080-exec-1] INFO  com.hcl.controller.UserController - JWT token has been generated.
3296968 [http-nio-8080-exec-8] INFO  com.hcl.controller.CartController - New cart has been created for the user
3298607 [http-nio-8080-exec-4] INFO  c.hcl.controller.CategoryController - The category is in-stock
3298617 [http-nio-8080-exec-2] INFO  c.hcl.controller.ProductController - All products in-stock have been listed.
3304835 [http-nio-8080-exec-7] INFO  c.hcl.controller.CategoryController - The category is in-stock
3304835 [http-nio-8080-exec-6] INFO  c.hcl.controller.ProductController - All products in-stock have been listed.
3305630 [http-nio-8080-exec-5] INFO  c.hcl.controller.ProductController - A product has been retrieved with id: 5
3306592 [http-nio-8080-exec-3] INFO  com.hcl.controller.CartController - An item with id: 5 has been added to cart
3306802 [http-nio-8080-exec-9] INFO  com.hcl.controller.CartController - Cart items have been retrieved
3308501 [http-nio-8080-exec-4] INFO  com.hcl.controller.CartController - New cart has been created for the user
3413815 [http-nio-8080-exec-5] INFO  c.hcl.controller.CategoryController - The category is in-stock
3419235 [http-nio-8080-exec-9] INFO  com.hcl.controller.UserController - A user has been created successfully
3421427 [http-nio-8080-exec-1] INFO  com.hcl.controller.UserController - JWT token has been generated.
3421537 [http-nio-8080-exec-8] INFO  com.hcl.controller.CartController - New cart has been created for the user
3422348 [http-nio-8080-exec-7] INFO  c.hcl.controller.CategoryController - The category is in-stock
3422360 [http-nio-8080-exec-2] INFO  c.hcl.controller.ProductController - All products in-stock have been listed.
3422908 [http-nio-8080-exec-3] INFO  c.hcl.controller.ProductController - A product has been retrieved with id: 5
3423929 [http-nio-8080-exec-10] INFO  com.hcl.controller.CartController - An item with id: 5 has been added to cart
3424152 [http-nio-8080-exec-4] INFO  com.hcl.controller.CartController - Cart items have been retrieved
3427863 [http-nio-8080-exec-9] INFO  com.hcl.controller.CartController - New cart has been created for the user
3462194 [http-nio-8080-exec-4] INFO  c.hcl.controller.CategoryController - The category is in-stock
3473978 [http-nio-8080-exec-8] INFO  com.hcl.controller.UserController - A user has been created successfully
3478329 [http-nio-8080-exec-3] INFO  com.hcl.controller.UserController - JWT token has been generated.
3478460 [http-nio-8080-exec-6] INFO  com.hcl.controller.CartController - New cart has been created for the user
3479445 [http-nio-8080-exec-7] INFO  c.hcl.controller.CategoryController - The category is in-stock
3479455 [http-nio-8080-exec-10] INFO  c.hcl.controller.ProductController - All products in-stock have been listed.
3480045 [http-nio-8080-exec-5] INFO  c.hcl.controller.ProductController - A product has been retrieved with id: 5
3481011 [http-nio-8080-exec-2] INFO  com.hcl.controller.CartController - An item with id: 5 has been added to cart
3481224 [http-nio-8080-exec-9] INFO  com.hcl.controller.CartController - Cart items have been retrieved
3483974 [http-nio-8080-exec-8] INFO  com.hcl.controller.CartController - New cart has been created for the user
3564177 [http-nio-8080-exec-9] INFO  c.hcl.controller.CategoryController - The category is in-stock
3574404 [http-nio-8080-exec-6] INFO  com.hcl.controller.UserController - A user has been created successfully
3576769 [http-nio-8080-exec-8] INFO  com.hcl.controller.UserController - JWT token has been generated.
3576960 [http-nio-8080-exec-7] INFO  com.hcl.controller.CartController - New cart has been created for the user
3578237 [http-nio-8080-exec-5] INFO  c.hcl.controller.CategoryController - The category is in-stock
3578251 [http-nio-8080-exec-1] INFO  c.hcl.controller.ProductController - All products in-stock have been listed.
3578819 [http-nio-8080-exec-4] INFO  c.hcl.controller.ProductController - A product has been retrieved with id: 5
3579705 [http-nio-8080-exec-10] INFO  com.hcl.controller.CartController - An item with id: 5 has been added to cart
3579928 [http-nio-8080-exec-3] INFO  com.hcl.controller.CartController - Cart items have been retrieved
3586401 [http-nio-8080-exec-9] WARN  com.hcl.controller.CartController - A cart has been deleted
3586423 [http-nio-8080-exec-6] INFO  com.hcl.controller.CartController - New cart has been created for the user
3589785 [http-nio-8080-exec-8] INFO  com.hcl.controller.CartController - Cart items have been retrieved
3648763 [http-nio-8080-exec-9] INFO  com.hcl.controller.UserController - A user has been created successfully
3650930 [http-nio-8080-exec-3] INFO  com.hcl.controller.UserController - JWT token has been generated.
3651022 [http-nio-8080-exec-8] INFO  com.hcl.controller.CartController - New cart has been created for the user
3652319 [http-nio-8080-exec-4] INFO  c.hcl.controller.ProductController - All products in-stock have been listed.
3652320 [http-nio-8080-exec-7] INFO  c.hcl.controller.CategoryController - The category is in-stock
3653125 [http-nio-8080-exec-10] INFO  c.hcl.controller.ProductController - A product has been retrieved with id: 5
3654439 [http-nio-8080-exec-2] INFO  com.hcl.controller.CartController - An item with id: 5 has been added to cart
3654631 [http-nio-8080-exec-1] INFO  com.hcl.controller.CartController - Cart items have been retrieved
3656712 [http-nio-8080-exec-9] INFO  com.hcl.controller.CartController - New cart has been created for the user
3661026 [http-nio-8080-exec-3] INFO  com.hcl.controller.CartController - Cart items have been retrieved
3728057 [http-nio-8080-exec-7] INFO  c.hcl.controller.CategoryController - The category is in-stock
3735243 [http-nio-8080-exec-1] INFO  com.hcl.controller.UserController - A user has been created successfully
3737210 [http-nio-8080-exec-6] INFO  com.hcl.controller.UserController - JWT token has been generated.
3737311 [http-nio-8080-exec-4] INFO  com.hcl.controller.CartController - New cart has been created for the user
3738089 [http-nio-8080-exec-3] INFO  c.hcl.controller.CategoryController - The category is in-stock
3738113 [http-nio-8080-exec-9] INFO  c.hcl.controller.ProductController - All products in-stock have been listed.
3738853 [http-nio-8080-exec-8] INFO  c.hcl.controller.ProductController - A product has been retrieved with id: 5
3739802 [http-nio-8080-exec-10] INFO  com.hcl.controller.CartController - An item with id: 5 has been added to cart
3739983 [http-nio-8080-exec-5] INFO  com.hcl.controller.CartController - Cart items have been retrieved
3742283 [http-nio-8080-exec-1] INFO  com.hcl.controller.CartController - New cart has been created for the user
3811644 [http-nio-8080-exec-1] INFO  com.hcl.controller.UserController - A user has been created successfully
3813790 [http-nio-8080-exec-4] INFO  com.hcl.controller.UserController - JWT token has been generated.
3813920 [http-nio-8080-exec-7] INFO  com.hcl.controller.CartController - New cart has been created for the user
3814634 [http-nio-8080-exec-5] INFO  c.hcl.controller.CategoryController - The category is in-stock
3814634 [http-nio-8080-exec-10] INFO  c.hcl.controller.ProductController - All products in-stock have been listed.
3815278 [http-nio-8080-exec-3] INFO  c.hcl.controller.ProductController - A product has been retrieved with id: 5
3816455 [http-nio-8080-exec-6] INFO  com.hcl.controller.CartController - An item with id: 5 has been added to cart
3816638 [http-nio-8080-exec-2] INFO  com.hcl.controller.CartController - Cart items have been retrieved
3822698 [http-nio-8080-exec-10] INFO  com.hcl.controller.CartController - New cart has been created for the user
3827338 [http-nio-8080-exec-5] INFO  com.hcl.controller.CartController - Cart items have been retrieved
3848912 [http-nio-8080-exec-1] INFO  c.hcl.controller.CategoryController - The category is in-stock
3854366 [http-nio-8080-exec-4] INFO  com.hcl.controller.UserController - A user has been created successfully
3856421 [http-nio-8080-exec-5] INFO  com.hcl.controller.UserController - JWT token has been generated.
3856549 [http-nio-8080-exec-7] INFO  com.hcl.controller.CartController - New cart has been created for the user
3857749 [http-nio-8080-exec-8] INFO  c.hcl.controller.CategoryController - The category is in-stock
3857760 [http-nio-8080-exec-2] INFO  c.hcl.controller.ProductController - All products in-stock have been listed.
3858366 [http-nio-8080-exec-9] INFO  c.hcl.controller.ProductController - A product has been retrieved with id: 5
3859187 [http-nio-8080-exec-3] INFO  com.hcl.controller.CartController - An item with id: 5 has been added to cart
3859415 [http-nio-8080-exec-10] INFO  com.hcl.controller.CartController - Cart items have been retrieved
3861658 [http-nio-8080-exec-1] WARN  com.hcl.controller.CartController - A cart has been deleted
3861674 [http-nio-8080-exec-4] INFO  com.hcl.controller.CartController - New cart has been created for the user
3864763 [http-nio-8080-exec-5] INFO  com.hcl.controller.CartController - Cart items have been retrieved
3872168 [http-nio-8080-exec-8] INFO  c.hcl.controller.CategoryController - The category is in-stock
3872169 [http-nio-8080-exec-7] INFO  c.hcl.controller.ProductController - All products in-stock have been listed.
3872852 [http-nio-8080-exec-9] INFO  c.hcl.controller.ProductController - A product has been retrieved with id: 4
3873915 [http-nio-8080-exec-6] INFO  com.hcl.controller.CartController - Cart items have been retrieved
3874879 [http-nio-8080-exec-4] INFO  c.hcl.controller.CategoryController - The category is in-stock
3874879 [http-nio-8080-exec-1] INFO  c.hcl.controller.ProductController - All products in-stock have been listed.
3876518 [http-nio-8080-exec-5] INFO  c.hcl.controller.ProductController - A product has been retrieved with id: 5
3877459 [http-nio-8080-exec-7] INFO  com.hcl.controller.CartController - An item with id: 5 has been added to cart
3877664 [http-nio-8080-exec-8] INFO  com.hcl.controller.CartController - Cart items have been retrieved
3878761 [http-nio-8080-exec-3] INFO  c.hcl.controller.CategoryController - The category is in-stock
3878763 [http-nio-8080-exec-9] INFO  c.hcl.controller.ProductController - All products in-stock have been listed.
3879447 [http-nio-8080-exec-6] INFO  c.hcl.controller.ProductController - A product has been retrieved with id: 6
3880274 [http-nio-8080-exec-1] INFO  com.hcl.controller.CartController - An item with id: 6 has been added to cart
3880433 [http-nio-8080-exec-5] INFO  com.hcl.controller.CartController - Cart items have been retrieved
3881460 [http-nio-8080-exec-8] INFO  c.hcl.controller.CategoryController - The category is in-stock
3881461 [http-nio-8080-exec-2] INFO  c.hcl.controller.ProductController - All products in-stock have been listed.
3882045 [http-nio-8080-exec-3] INFO  c.hcl.controller.ProductController - A product has been retrieved with id: 4
3882921 [http-nio-8080-exec-9] INFO  com.hcl.controller.CartController - An item with id: 4 has been added to cart
3883045 [http-nio-8080-exec-10] INFO  com.hcl.controller.CartController - Cart items have been retrieved
3884197 [http-nio-8080-exec-1] INFO  c.hcl.controller.CategoryController - The category is in-stock
3884197 [http-nio-8080-exec-4] INFO  c.hcl.controller.ProductController - All products in-stock have been listed.
3884810 [http-nio-8080-exec-7] INFO  c.hcl.controller.ProductController - A product has been retrieved with id: 4
3885662 [http-nio-8080-exec-5] INFO  com.hcl.controller.CartController - An item with id: 4 has been added to cart
3885801 [http-nio-8080-exec-8] INFO  com.hcl.controller.CartController - Cart items have been retrieved
3886816 [http-nio-8080-exec-9] INFO  c.hcl.controller.CategoryController - The category is in-stock
3886816 [http-nio-8080-exec-3] INFO  c.hcl.controller.ProductController - All products in-stock have been listed.
3887414 [http-nio-8080-exec-6] INFO  c.hcl.controller.ProductController - A product has been retrieved with id: 4
3888268 [http-nio-8080-exec-10] INFO  com.hcl.controller.CartController - An item with id: 4 has been added to cart
3888391 [http-nio-8080-exec-1] INFO  com.hcl.controller.CartController - Cart items have been retrieved
3905467 [http-nio-8080-exec-7] WARN  com.hcl.controller.CartController - A cart has been deleted
3905485 [http-nio-8080-exec-5] INFO  com.hcl.controller.CartController - New cart has been created for the user
3997030 [http-nio-8080-exec-7] INFO  c.hcl.controller.CategoryController - The category is in-stock
4003056 [http-nio-8080-exec-3] INFO  com.hcl.controller.UserController - A user has been created successfully
4005136 [http-nio-8080-exec-8] INFO  com.hcl.controller.UserController - JWT token has been generated.
4005230 [http-nio-8080-exec-6] INFO  com.hcl.controller.CartController - New cart has been created for the user
4006428 [http-nio-8080-exec-4] INFO  c.hcl.controller.CategoryController - The category is in-stock
4006440 [http-nio-8080-exec-5] INFO  c.hcl.controller.ProductController - All products in-stock have been listed.
4007066 [http-nio-8080-exec-9] INFO  c.hcl.controller.ProductController - A product has been retrieved with id: 5
4007965 [http-nio-8080-exec-10] INFO  com.hcl.controller.CartController - An item with id: 5 has been added to cart
4008193 [http-nio-8080-exec-1] INFO  com.hcl.controller.CartController - Cart items have been retrieved
4009812 [http-nio-8080-exec-3] WARN  com.hcl.controller.CartController - An item with id: 5 has been deleted from cart
4011912 [http-nio-8080-exec-8] INFO  com.hcl.controller.CartController - Cart items have been retrieved
4028408 [http-nio-8080-exec-5] INFO  c.hcl.controller.CategoryController - The category is in-stock
4028408 [http-nio-8080-exec-4] INFO  c.hcl.controller.ProductController - All products in-stock have been listed.
4029397 [http-nio-8080-exec-9] INFO  c.hcl.controller.ProductController - A product has been retrieved with id: 6
4030428 [http-nio-8080-exec-10] INFO  com.hcl.controller.CartController - An item with id: 6 has been added to cart
4030604 [http-nio-8080-exec-2] INFO  com.hcl.controller.CartController - Cart items have been retrieved
4085196 [http-nio-8080-exec-3] INFO  com.hcl.controller.CartController - Cart items have been retrieved
4085795 [http-nio-8080-exec-5] INFO  c.hcl.controller.CategoryController - The category is in-stock
4085796 [http-nio-8080-exec-8] INFO  c.hcl.controller.ProductController - All products in-stock have been listed.
4087594 [http-nio-8080-exec-4] INFO  com.hcl.controller.CartController - Cart items have been retrieved
4089403 [http-nio-8080-exec-9] WARN  com.hcl.controller.CartController - An item with id: 6 has been deleted from cart
4269005 [http-nio-8080-exec-7] INFO  com.hcl.controller.CartController - Cart items have been retrieved
4270149 [http-nio-8080-exec-3] INFO  c.hcl.controller.CategoryController - The category is in-stock
4270149 [http-nio-8080-exec-6] INFO  c.hcl.controller.ProductController - All products in-stock have been listed.
4270859 [http-nio-8080-exec-5] INFO  c.hcl.controller.ProductController - A product has been retrieved with id: 5
4271761 [http-nio-8080-exec-8] INFO  com.hcl.controller.CartController - An item with id: 5 has been added to cart
4271921 [http-nio-8080-exec-4] INFO  com.hcl.controller.CartController - Cart items have been retrieved
4273200 [http-nio-8080-exec-10] WARN  com.hcl.controller.CartController - An item with id: 5 has been deleted from cart
4525865 [http-nio-8080-exec-3] INFO  c.hcl.controller.CategoryController - The category is in-stock
4525866 [http-nio-8080-exec-7] INFO  c.hcl.controller.ProductController - All products in-stock have been listed.
4526934 [http-nio-8080-exec-6] INFO  c.hcl.controller.ProductController - A product has been retrieved with id: 5
4528035 [http-nio-8080-exec-5] INFO  com.hcl.controller.CartController - An item with id: 5 has been added to cart
4528219 [http-nio-8080-exec-8] INFO  com.hcl.controller.CartController - Cart items have been retrieved
4539037 [http-nio-8080-exec-4] WARN  com.hcl.controller.CartController - An item with id: 5 has been deleted from cart
4582156 [http-nio-8080-exec-10] INFO  c.hcl.controller.CategoryController - The category is in-stock
4582157 [http-nio-8080-exec-3] INFO  c.hcl.controller.ProductController - All products in-stock have been listed.
4582965 [http-nio-8080-exec-7] INFO  c.hcl.controller.ProductController - A product has been retrieved with id: 5
4583929 [http-nio-8080-exec-5] INFO  com.hcl.controller.CartController - An item with id: 5 has been added to cart
4584156 [http-nio-8080-exec-9] INFO  com.hcl.controller.CartController - Cart items have been retrieved
4585530 [http-nio-8080-exec-4] WARN  com.hcl.controller.CartController - An item with id: 5 has been deleted from cart
4587007 [http-nio-8080-exec-1] INFO  c.hcl.controller.CategoryController - The category is in-stock
4587007 [http-nio-8080-exec-2] INFO  c.hcl.controller.ProductController - All products in-stock have been listed.
4587798 [http-nio-8080-exec-10] INFO  c.hcl.controller.ProductController - A product has been retrieved with id: 5
4589125 [http-nio-8080-exec-3] INFO  com.hcl.controller.CartController - An item with id: 5 has been added to cart
4589282 [http-nio-8080-exec-7] INFO  com.hcl.controller.CartController - Cart items have been retrieved
