18481 [http-nio-8080-exec-2] INFO  com.hcl.controller.UserController - A user has been created successfully
24759 [http-nio-8080-exec-4] INFO  com.hcl.controller.UserController - JWT token has been generated.
26156 [http-nio-8080-exec-6] INFO  c.hcl.controller.ProductController - All products in-stock have been listed.
149580 [http-nio-8080-exec-9] INFO  c.hcl.controller.ProductController - All products in-stock have been listed.
12150059 [http-nio-8080-exec-1] INFO  com.hcl.controller.UserController - A user has been created successfully
12162454 [http-nio-8080-exec-6] INFO  com.hcl.controller.UserController - JWT token has been generated.
15723602 [http-nio-8080-exec-4] ERROR com.hcl.controller.UserController - There was an error in creating a user.
15739060 [http-nio-8080-exec-5] INFO  com.hcl.controller.UserController - A user has been created successfully
15749217 [http-nio-8080-exec-9] INFO  com.hcl.controller.UserController - JWT token has been generated.
15753974 [http-nio-8080-exec-10] ERROR com.hcl.controller.UserController - The credentials you entered are not valid.
15759121 [http-nio-8080-exec-8] INFO  com.hcl.controller.UserController - JWT token has been generated.
18374503 [http-nio-8080-exec-4] INFO  com.hcl.controller.UserController - A user has been created successfully
18377059 [http-nio-8080-exec-7] INFO  com.hcl.controller.UserController - JWT token has been generated.
18379221 [http-nio-8080-exec-6] INFO  c.hcl.controller.ProductController - All products in-stock have been listed.
26566035 [http-nio-8080-exec-5] INFO  c.hcl.controller.CategoryController - The category is in-stock
26663819 [http-nio-8080-exec-10] INFO  c.hcl.controller.CategoryController - The category is in-stock
26674179 [http-nio-8080-exec-3] ERROR com.hcl.controller.UserController - There was an error in creating a user.
26676302 [http-nio-8080-exec-6] INFO  com.hcl.controller.UserController - JWT token has been generated.
26680743 [http-nio-8080-exec-1] INFO  c.hcl.controller.CategoryController - The category is in-stock
26699272 [http-nio-8080-exec-8] INFO  c.hcl.controller.CategoryController - The category is in-stock
26722384 [http-nio-8080-exec-2] INFO  c.hcl.controller.CategoryController - The category is in-stock
26820895 [http-nio-8080-exec-10] INFO  c.hcl.controller.CategoryController - The category is in-stock
26848934 [http-nio-8080-exec-4] INFO  c.hcl.controller.CategoryController - The category is in-stock
26897070 [http-nio-8080-exec-3] INFO  c.hcl.controller.CategoryController - The category is in-stock
26998440 [http-nio-8080-exec-5] INFO  c.hcl.controller.CategoryController - The category is in-stock
27011064 [http-nio-8080-exec-10] INFO  c.hcl.controller.CategoryController - The category is in-stock
27068381 [http-nio-8080-exec-3] INFO  c.hcl.controller.CategoryController - The category is in-stock
27085559 [http-nio-8080-exec-6] INFO  c.hcl.controller.CategoryController - The category is in-stock
27104717 [http-nio-8080-exec-8] INFO  c.hcl.controller.CategoryController - The category is in-stock
27185586 [http-nio-8080-exec-5] INFO  c.hcl.controller.CategoryController - The category is in-stock
27222666 [http-nio-8080-exec-10] INFO  c.hcl.controller.CategoryController - The category is in-stock
27276374 [http-nio-8080-exec-3] INFO  c.hcl.controller.CategoryController - The category is in-stock
27284662 [http-nio-8080-exec-6] INFO  c.hcl.controller.CategoryController - The category is in-stock
27383564 [http-nio-8080-exec-8] INFO  c.hcl.controller.CategoryController - The category is in-stock
27391598 [http-nio-8080-exec-2] INFO  c.hcl.controller.CategoryController - The category is in-stock
27424080 [http-nio-8080-exec-9] INFO  com.hcl.controller.UserController - JWT token has been generated.
27429878 [http-nio-8080-exec-10] INFO  c.hcl.controller.CategoryController - The category is in-stock
27483294 [http-nio-8080-exec-3] INFO  c.hcl.controller.CategoryController - The category is in-stock
27527980 [http-nio-8080-exec-1] INFO  c.hcl.controller.CategoryController - The category is in-stock
27597625 [http-nio-8080-exec-5] INFO  c.hcl.controller.CategoryController - The category is in-stock
27659078 [http-nio-8080-exec-10] INFO  c.hcl.controller.CategoryController - The category is in-stock
27682123 [http-nio-8080-exec-4] INFO  c.hcl.controller.CategoryController - The category is in-stock
27780244 [http-nio-8080-exec-7] INFO  c.hcl.controller.CategoryController - The category is in-stock
27813644 [http-nio-8080-exec-1] INFO  c.hcl.controller.CategoryController - The category is in-stock
27845285 [http-nio-8080-exec-2] INFO  c.hcl.controller.CategoryController - The category is in-stock
27857135 [http-nio-8080-exec-9] INFO  c.hcl.controller.CategoryController - The category is in-stock
27901415 [http-nio-8080-exec-3] INFO  c.hcl.controller.CategoryController - The category is in-stock
27961314 [http-nio-8080-exec-5] INFO  com.hcl.controller.UserController - JWT token has been generated.
27968466 [http-nio-8080-exec-9] INFO  c.hcl.controller.CategoryController - The category is in-stock
28020568 [http-nio-8080-exec-3] INFO  c.hcl.controller.CategoryController - The category is in-stock
28095244 [http-nio-8080-exec-1] INFO  c.hcl.controller.CategoryController - The category is in-stock
28113395 [http-nio-8080-exec-2] INFO  c.hcl.controller.CategoryController - The category is in-stock
28184710 [http-nio-8080-exec-10] INFO  c.hcl.controller.CategoryController - The category is in-stock
28222117 [http-nio-8080-exec-3] INFO  c.hcl.controller.CategoryController - The category is in-stock
28254475 [http-nio-8080-exec-6] INFO  c.hcl.controller.CategoryController - The category is in-stock
28259272 [http-nio-8080-exec-8] INFO  c.hcl.controller.CategoryController - The category is in-stock
28274088 [http-nio-8080-exec-5] INFO  c.hcl.controller.CategoryController - The category is in-stock
28296161 [http-nio-8080-exec-9] INFO  c.hcl.controller.CategoryController - The category is in-stock
28308306 [http-nio-8080-exec-4] INFO  c.hcl.controller.CategoryController - The category is in-stock
28313875 [http-nio-8080-exec-7] INFO  c.hcl.controller.CategoryController - The category is in-stock
28320008 [http-nio-8080-exec-1] INFO  c.hcl.controller.CategoryController - The category is in-stock
28346566 [http-nio-8080-exec-2] INFO  com.hcl.controller.UserController - JWT token has been generated.
28350071 [http-nio-8080-exec-5] INFO  c.hcl.controller.CategoryController - The category is in-stock
28435079 [http-nio-8080-exec-3] INFO  com.hcl.controller.UserController - A user has been created successfully
28437187 [http-nio-8080-exec-7] INFO  com.hcl.controller.UserController - JWT token has been generated.
28439474 [http-nio-8080-exec-1] INFO  c.hcl.controller.CategoryController - The category is in-stock
26252 [http-nio-8080-exec-1] INFO  com.hcl.controller.UserController - A user has been created successfully
28197 [http-nio-8080-exec-3] INFO  com.hcl.controller.UserController - JWT token has been generated.
30551 [http-nio-8080-exec-4] INFO  c.hcl.controller.CategoryController - The category is in-stock
115067 [http-nio-8080-exec-7] INFO  c.hcl.controller.CategoryController - The category is in-stock
115115 [http-nio-8080-exec-8] INFO  c.hcl.controller.CategoryController - The category is in-stock
123703 [http-nio-8080-exec-9] INFO  c.hcl.controller.ProductController - A product has been added.
132285 [http-nio-8080-exec-10] INFO  c.hcl.controller.ProductController - A product has been added.
144193 [http-nio-8080-exec-1] INFO  c.hcl.controller.ProductController - A product has been added.
14094626 [http-nio-8080-exec-3] INFO  c.hcl.controller.ProductController - A product has been added.
14568366 [http-nio-8080-exec-1] INFO  c.hcl.controller.CategoryController - The category is in-stock
14644711 [http-nio-8080-exec-4] INFO  c.hcl.controller.CategoryController - The category is in-stock
14655888 [http-nio-8080-exec-5] INFO  c.hcl.controller.CategoryController - The category is in-stock
14698726 [http-nio-8080-exec-6] INFO  c.hcl.controller.CategoryController - The category is in-stock
14703284 [http-nio-8080-exec-7] INFO  c.hcl.controller.CategoryController - The category is in-stock
14718427 [http-nio-8080-exec-8] INFO  c.hcl.controller.CategoryController - The category is in-stock
14720208 [http-nio-8080-exec-9] INFO  c.hcl.controller.CategoryController - The category is in-stock
14751773 [http-nio-8080-exec-1] INFO  c.hcl.controller.CategoryController - The category is in-stock
14818172 [http-nio-8080-exec-3] INFO  c.hcl.controller.CategoryController - The category is in-stock
14849330 [http-nio-8080-exec-5] INFO  c.hcl.controller.CategoryController - The category is in-stock
14889792 [http-nio-8080-exec-9] INFO  c.hcl.controller.CategoryController - The category is in-stock
14991431 [http-nio-8080-exec-1] INFO  c.hcl.controller.CategoryController - The category is in-stock
15065532 [http-nio-8080-exec-3] INFO  c.hcl.controller.CategoryController - The category is in-stock
15072849 [http-nio-8080-exec-4] INFO  c.hcl.controller.CategoryController - The category is in-stock
15083278 [http-nio-8080-exec-5] INFO  c.hcl.controller.CategoryController - The category is in-stock
15236475 [http-nio-8080-exec-7] INFO  c.hcl.controller.CategoryController - The category is in-stock
15271168 [http-nio-8080-exec-9] INFO  c.hcl.controller.CategoryController - The category is in-stock
15354474 [http-nio-8080-exec-1] INFO  c.hcl.controller.CategoryController - The category is in-stock
16257168 [http-nio-8080-exec-3] INFO  c.hcl.controller.CategoryController - The category is in-stock
16540757 [http-nio-8080-exec-6] INFO  com.hcl.controller.UserController - A user has been created successfully
16542412 [http-nio-8080-exec-8] INFO  com.hcl.controller.UserController - JWT token has been generated.
16545049 [http-nio-8080-exec-10] INFO  c.hcl.controller.CategoryController - The category is in-stock
16547502 [http-nio-8080-exec-1] INFO  c.hcl.controller.CategoryController - A new category has been created.
16558699 [http-nio-8080-exec-2] INFO  c.hcl.controller.CategoryController - A new category has been created.
16593871 [http-nio-8080-exec-3] INFO  c.hcl.controller.CategoryController - A new category has been created.
16599876 [http-nio-8080-exec-4] INFO  c.hcl.controller.CategoryController - A new category has been created.
16744381 [http-nio-8080-exec-7] INFO  c.hcl.controller.CategoryController - A new category has been created.
23008096 [http-nio-8080-exec-9] INFO  c.hcl.controller.CategoryController - The category is in-stock
23008180 [http-nio-8080-exec-1] INFO  c.hcl.controller.CategoryController - The category is in-stock
23020842 [http-nio-8080-exec-2] INFO  c.hcl.controller.CategoryController - The category is in-stock
23076877 [http-nio-8080-exec-8] ERROR com.hcl.controller.UserController - The credentials you entered are not valid.
23079612 [http-nio-8080-exec-10] INFO  c.hcl.controller.CategoryController - The category is in-stock
23079640 [http-nio-8080-exec-9] INFO  c.hcl.controller.CategoryController - The category is in-stock
23260765 [http-nio-8080-exec-6] INFO  c.hcl.controller.CategoryController - The category is in-stock
23288110 [http-nio-8080-exec-10] INFO  c.hcl.controller.CategoryController - The category is in-stock
23308219 [http-nio-8080-exec-2] ERROR com.hcl.controller.UserController - The credentials you entered are not valid.
23310551 [http-nio-8080-exec-3] INFO  c.hcl.controller.CategoryController - The category is in-stock
23310597 [http-nio-8080-exec-4] INFO  c.hcl.controller.CategoryController - The category is in-stock
23331512 [http-nio-8080-exec-10] INFO  com.hcl.controller.UserController - A user has been created successfully
23333911 [http-nio-8080-exec-9] INFO  com.hcl.controller.UserController - JWT token has been generated.
23336511 [http-nio-8080-exec-1] INFO  c.hcl.controller.CategoryController - The category is in-stock
23336526 [http-nio-8080-exec-2] INFO  c.hcl.controller.CategoryController - The category is in-stock
23348916 [http-nio-8080-exec-3] INFO  c.hcl.controller.CategoryController - The category that is in-instock with id:0 has been updated.
23386062 [http-nio-8080-exec-4] INFO  c.hcl.controller.CategoryController - The category that is in-instock with id:0 has been updated.
23554528 [http-nio-8080-exec-8] INFO  c.hcl.controller.CategoryController - The category is in-stock
23558378 [http-nio-8080-exec-10] INFO  c.hcl.controller.CategoryController - The category that is in-instock with id:0 has been updated.
23607932 [http-nio-8080-exec-9] INFO  c.hcl.controller.CategoryController - The category is in-stock
23763733 [http-nio-8080-exec-2] INFO  c.hcl.controller.CategoryController - The category is in-stock
23766469 [http-nio-8080-exec-3] INFO  c.hcl.controller.CategoryController - The category that is in-instock with id:0 has been updated.
23808017 [http-nio-8080-exec-4] INFO  c.hcl.controller.CategoryController - The category is in-stock
23811233 [http-nio-8080-exec-5] INFO  c.hcl.controller.CategoryController - The category that is in-instock with id:0 has been updated.
23821090 [http-nio-8080-exec-6] INFO  c.hcl.controller.CategoryController - The category is in-stock
23827224 [http-nio-8080-exec-8] INFO  c.hcl.controller.CategoryController - The category is in-stock
23903696 [http-nio-8080-exec-9] INFO  c.hcl.controller.CategoryController - The category is in-stock
